# JRE version: Java(TM) SE Runtime Environment (17.0.12+8) (build 17.0.12+8-LTS-286)
# Java VM: Java HotSpot(TM) 64-Bit Server VM (17.0.12+8-LTS-286, mixed mode, sharing, tiered, compressed oops, compressed class ptrs, g1 gc, windows-amd64)
GC Precious Log:
 CPUs: 8 total, 8 available
 Memory: 16259M
 Large Page Support: Disabled
 NUMA Support: Disabled
 Compressed Oops: Enabled (Zero based)
 Heap Region Size: 2M
 Heap Min Capacity: 8M
 Heap Initial Capacity: 256M
 Heap Max Capacity: 4066M
 Pre-touch: Disabled
 Parallel Workers: 8
 Concurrent Workers: 2
 Concurrent Refinement Workers: 8
 Periodic GC: Disabled
Heap:
 garbage-first heap   total 231424K, used 193930K [0x0000000701e00000, 0x0000000800000000)
  region size 2048K, 45 young (92160K), 3 survivors (6144K)
 Metaspace       used 110181K, committed 111040K, reserved 1179648K
  class space    used 13660K, committed 14080K, reserved 1048576K
GC Heap History (20 events):
Event: 26.154 GC heap after
{Heap after GC invocations=43 (full 0):
 garbage-first heap   total 192512K, used 85339K [0x0000000701e00000, 0x0000000800000000)
  region size 2048K, 4 young (8192K), 4 survivors (8192K)
 Metaspace       used 92093K, committed 92736K, reserved 1179648K
  class space    used 11641K, committed 11968K, reserved 1048576K
}
Event: 26.892 GC heap before
{Heap before GC invocations=43 (full 0):
 garbage-first heap   total 192512K, used 159067K [0x0000000701e00000, 0x0000000800000000)
  region size 2048K, 40 young (81920K), 4 survivors (8192K)
 Metaspace       used 92903K, committed 93568K, reserved 1179648K
  class space    used 11688K, committed 12032K, reserved 1048576K
}
Event: 26.902 GC heap after
{Heap after GC invocations=44 (full 0):
 garbage-first heap   total 192512K, used 86656K [0x0000000701e00000, 0x0000000800000000)
  region size 2048K, 4 young (8192K), 4 survivors (8192K)
 Metaspace       used 92903K, committed 93568K, reserved 1179648K
  class space    used 11688K, committed 12032K, reserved 1048576K
}
Event: 27.775 GC heap before
{Heap before GC invocations=44 (full 0):
 garbage-first heap   total 192512K, used 158336K [0x0000000701e00000, 0x0000000800000000)
  region size 2048K, 39 young (79872K), 4 survivors (8192K)
 Metaspace       used 93905K, committed 94592K, reserved 1179648K
  class space    used 11751K, committed 12096K, reserved 1048576K
}
Event: 27.785 GC heap after
{Heap after GC invocations=45 (full 0):
 garbage-first heap   total 231424K, used 90269K [0x0000000701e00000, 0x0000000800000000)
  region size 2048K, 4 young (8192K), 4 survivors (8192K)
 Metaspace       used 93905K, committed 94592K, reserved 1179648K
  class space    used 11751K, committed 12096K, reserved 1048576K
}
Event: 28.597 GC heap before
{Heap before GC invocations=45 (full 0):
 garbage-first heap   total 231424K, used 188573K [0x0000000701e00000, 0x0000000800000000)
  region size 2048K, 52 young (106496K), 4 survivors (8192K)
 Metaspace       used 95129K, committed 95808K, reserved 1179648K
  class space    used 11823K, committed 12160K, reserved 1048576K
}
Event: 28.604 GC heap after
{Heap after GC invocations=46 (full 0):
 garbage-first heap   total 231424K, used 93898K [0x0000000701e00000, 0x0000000800000000)
  region size 2048K, 5 young (10240K), 5 survivors (10240K)
 Metaspace       used 95129K, committed 95808K, reserved 1179648K
  class space    used 11823K, committed 12160K, reserved 1048576K
}
Event: 29.940 GC heap before
{Heap before GC invocations=46 (full 0):
 garbage-first heap   total 231424K, used 190154K [0x0000000701e00000, 0x0000000800000000)
  region size 2048K, 52 young (106496K), 5 survivors (10240K)
 Metaspace       used 99195K, committed 99840K, reserved 1179648K
  class space    used 12267K, committed 12608K, reserved 1048576K
}
Event: 29.950 GC heap after
{Heap after GC invocations=47 (full 0):
 garbage-first heap   total 231424K, used 99773K [0x0000000701e00000, 0x0000000800000000)
  region size 2048K, 7 young (14336K), 7 survivors (14336K)
 Metaspace       used 99195K, committed 99840K, reserved 1179648K
  class space    used 12267K, committed 12608K, reserved 1048576K
}
Event: 30.522 GC heap before
{Heap before GC invocations=47 (full 0):
 garbage-first heap   total 231424K, used 187837K [0x0000000701e00000, 0x0000000800000000)
  region size 2048K, 51 young (104448K), 7 survivors (14336K)
 Metaspace       used 100406K, committed 101056K, reserved 1179648K
  class space    used 12390K, committed 12736K, reserved 1048576K
}
Event: 30.537 GC heap after
{Heap after GC invocations=48 (full 0):
 garbage-first heap   total 231424K, used 105269K [0x0000000701e00000, 0x0000000800000000)
  region size 2048K, 6 young (12288K), 6 survivors (12288K)
 Metaspace       used 100406K, committed 101056K, reserved 1179648K
  class space    used 12390K, committed 12736K, reserved 1048576K
}
Event: 30.864 GC heap before
{Heap before GC invocations=48 (full 0):
 garbage-first heap   total 231424K, used 187189K [0x0000000701e00000, 0x0000000800000000)
  region size 2048K, 47 young (96256K), 6 survivors (12288K)
 Metaspace       used 100562K, committed 101248K, reserved 1179648K
  class space    used 12397K, committed 12736K, reserved 1048576K
}
Event: 30.869 GC heap after
{Heap after GC invocations=49 (full 0):
 garbage-first heap   total 231424K, used 102542K [0x0000000701e00000, 0x0000000800000000)
  region size 2048K, 2 young (4096K), 2 survivors (4096K)
 Metaspace       used 100562K, committed 101248K, reserved 1179648K
  class space    used 12397K, committed 12736K, reserved 1048576K
}
Event: 31.768 GC heap before
{Heap before GC invocations=49 (full 0):
 garbage-first heap   total 231424K, used 188558K [0x0000000701e00000, 0x0000000800000000)
  region size 2048K, 45 young (92160K), 2 survivors (4096K)
 Metaspace       used 102464K, committed 103232K, reserved 1179648K
  class space    used 12659K, committed 13056K, reserved 1048576K
}
Event: 31.775 GC heap after
{Heap after GC invocations=50 (full 0):
 garbage-first heap   total 231424K, used 103524K [0x0000000701e00000, 0x0000000800000000)
  region size 2048K, 2 young (4096K), 2 survivors (4096K)
 Metaspace       used 102464K, committed 103232K, reserved 1179648K
  class space    used 12659K, committed 13056K, reserved 1048576K
}
Event: 67.825 GC heap before
{Heap before GC invocations=50 (full 0):
 garbage-first heap   total 231424K, used 189540K [0x0000000701e00000, 0x0000000800000000)
  region size 2048K, 45 young (92160K), 2 survivors (4096K)
 Metaspace       used 107352K, committed 108160K, reserved 1179648K
  class space    used 13297K, committed 13696K, reserved 1048576K
}
Event: 67.834 GC heap after
{Heap after GC invocations=51 (full 0):
 garbage-first heap   total 231424K, used 106927K [0x0000000701e00000, 0x0000000800000000)
  region size 2048K, 4 young (8192K), 4 survivors (8192K)
 Metaspace       used 107352K, committed 108160K, reserved 1179648K
  class space    used 13297K, committed 13696K, reserved 1048576K
}
Event: 129.492 GC heap before
{Heap before GC invocations=51 (full 0):
 garbage-first heap   total 231424K, used 190895K [0x0000000701e00000, 0x0000000800000000)
  region size 2048K, 45 young (92160K), 4 survivors (8192K)
 Metaspace       used 110010K, committed 110848K, reserved 1179648K
  class space    used 13655K, committed 14080K, reserved 1048576K
}
Event: 129.505 GC heap after
{Heap after GC invocations=52 (full 0):
 garbage-first heap   total 231424K, used 107914K [0x0000000701e00000, 0x0000000800000000)
  region size 2048K, 4 young (8192K), 4 survivors (8192K)
 Metaspace       used 110010K, committed 110848K, reserved 1179648K
  class space    used 13655K, committed 14080K, reserved 1048576K
}
Event: 207.016 GC heap before
{Heap before GC invocations=52 (full 0):
 garbage-first heap   total 231424K, used 193930K [0x0000000701e00000, 0x0000000800000000)
  region size 2048K, 46 young (94208K), 4 survivors (8192K)
 Metaspace       used 110181K, committed 111040K, reserved 1179648K
  class space    used 13660K, committed 14080K, reserved 1048576K
}

