# JRE version: Java(TM) SE Runtime Environment (17.0.12+8) (build 17.0.12+8-LTS-286)
# Java VM: Java HotSpot(TM) 64-Bit Server VM (17.0.12+8-LTS-286, mixed mode, sharing, tiered, compressed oops, compressed class ptrs, g1 gc, windows-amd64)
GC Precious Log:
 CPUs: 8 total, 8 available
 Memory: 16259M
 Large Page Support: Disabled
 NUMA Support: Disabled
 Compressed Oops: Enabled (Zero based)
 Heap Region Size: 2M
 Heap Min Capacity: 8M
 Heap Initial Capacity: 256M
 Heap Max Capacity: 4066M
 Pre-touch: Disabled
 Parallel Workers: 8
 Concurrent Workers: 2
 Concurrent Refinement Workers: 8
 Periodic GC: Disabled
Heap:
 garbage-first heap   total 393216K, used 257109K [0x0000000701e00000, 0x0000000800000000)
  region size 2048K, 54 young (110592K), 1 survivors (2048K)
 Metaspace       used 253411K, committed 280576K, reserved 1376256K
  class space    used 24851K, committed 28736K, reserved 1048576K
GC Heap History (20 events):
Event: 57097.631 GC heap after
{Heap after GC invocations=792 (full 29):
 garbage-first heap   total 327680K, used 110029K [0x0000000701e00000, 0x0000000800000000)
  region size 2048K, 4 young (8192K), 4 survivors (8192K)
 Metaspace       used 246335K, committed 280576K, reserved 1376256K
  class space    used 24361K, committed 28736K, reserved 1048576K
}
Event: 57098.999 GC heap before
{Heap before GC invocations=793 (full 29):
 garbage-first heap   total 327680K, used 269773K [0x0000000701e00000, 0x0000000800000000)
  region size 2048K, 82 young (167936K), 4 survivors (8192K)
 Metaspace       used 247523K, committed 280576K, reserved 1376256K
  class space    used 24495K, committed 28736K, reserved 1048576K
}
Event: 57099.010 GC heap after
{Heap after GC invocations=794 (full 29):
 garbage-first heap   total 327680K, used 111778K [0x0000000701e00000, 0x0000000800000000)
  region size 2048K, 5 young (10240K), 5 survivors (10240K)
 Metaspace       used 247523K, committed 280576K, reserved 1376256K
  class space    used 24495K, committed 28736K, reserved 1048576K
}
Event: 57101.187 GC heap before
{Heap before GC invocations=794 (full 29):
 garbage-first heap   total 327680K, used 271522K [0x0000000701e00000, 0x0000000800000000)
  region size 2048K, 83 young (169984K), 5 survivors (10240K)
 Metaspace       used 248633K, committed 280576K, reserved 1376256K
  class space    used 24576K, committed 28736K, reserved 1048576K
}
Event: 57101.202 GC heap after
{Heap after GC invocations=795 (full 29):
 garbage-first heap   total 327680K, used 120919K [0x0000000701e00000, 0x0000000800000000)
  region size 2048K, 9 young (18432K), 9 survivors (18432K)
 Metaspace       used 248633K, committed 280576K, reserved 1376256K
  class space    used 24576K, committed 28736K, reserved 1048576K
}
Event: 57103.062 GC heap before
{Heap before GC invocations=796 (full 29):
 garbage-first heap   total 327680K, used 266327K [0x0000000701e00000, 0x0000000800000000)
  region size 2048K, 80 young (163840K), 9 survivors (18432K)
 Metaspace       used 250140K, committed 280576K, reserved 1376256K
  class space    used 24674K, committed 28736K, reserved 1048576K
}
Event: 57103.084 GC heap after
{Heap after GC invocations=797 (full 29):
 garbage-first heap   total 327680K, used 128812K [0x0000000701e00000, 0x0000000800000000)
  region size 2048K, 9 young (18432K), 9 survivors (18432K)
 Metaspace       used 250140K, committed 280576K, reserved 1376256K
  class space    used 24674K, committed 28736K, reserved 1048576K
}
Event: 57104.830 GC heap before
{Heap before GC invocations=797 (full 29):
 garbage-first heap   total 327680K, used 266028K [0x0000000701e00000, 0x0000000800000000)
  region size 2048K, 76 young (155648K), 9 survivors (18432K)
 Metaspace       used 252700K, committed 280576K, reserved 1376256K
  class space    used 24842K, committed 28736K, reserved 1048576K
}
Event: 57104.854 GC heap after
{Heap after GC invocations=798 (full 29):
 garbage-first heap   total 327680K, used 137917K [0x0000000701e00000, 0x0000000800000000)
  region size 2048K, 9 young (18432K), 9 survivors (18432K)
 Metaspace       used 252700K, committed 280576K, reserved 1376256K
  class space    used 24842K, committed 28736K, reserved 1048576K
}
Event: 57106.307 GC heap before
{Heap before GC invocations=799 (full 29):
 garbage-first heap   total 327680K, used 266941K [0x0000000701e00000, 0x0000000800000000)
  region size 2048K, 72 young (147456K), 9 survivors (18432K)
 Metaspace       used 253637K, committed 280576K, reserved 1376256K
  class space    used 24900K, committed 28736K, reserved 1048576K
}
Event: 57106.328 GC heap after
{Heap after GC invocations=800 (full 29):
 garbage-first heap   total 327680K, used 142871K [0x0000000701e00000, 0x0000000800000000)
  region size 2048K, 8 young (16384K), 8 survivors (16384K)
 Metaspace       used 253637K, committed 280576K, reserved 1376256K
  class space    used 24900K, committed 28736K, reserved 1048576K
}
Event: 57106.335 GC heap before
{Heap before GC invocations=800 (full 29):
 garbage-first heap   total 327680K, used 144919K [0x0000000701e00000, 0x0000000800000000)
  region size 2048K, 9 young (18432K), 8 survivors (16384K)
 Metaspace       used 253637K, committed 280576K, reserved 1376256K
  class space    used 24900K, committed 28736K, reserved 1048576K
}
Event: 57106.348 GC heap after
{Heap after GC invocations=801 (full 29):
 garbage-first heap   total 393216K, used 145606K [0x0000000701e00000, 0x0000000800000000)
  region size 2048K, 2 young (4096K), 2 survivors (4096K)
 Metaspace       used 253637K, committed 280576K, reserved 1376256K
  class space    used 24900K, committed 28736K, reserved 1048576K
}
Event: 57107.128 GC heap before
{Heap before GC invocations=801 (full 29):
 garbage-first heap   total 393216K, used 315590K [0x0000000701e00000, 0x0000000800000000)
  region size 2048K, 86 young (176128K), 2 survivors (4096K)
 Metaspace       used 253681K, committed 280576K, reserved 1376256K
  class space    used 24903K, committed 28736K, reserved 1048576K
}
Event: 57107.141 GC heap after
{Heap after GC invocations=802 (full 29):
 garbage-first heap   total 393216K, used 156179K [0x0000000701e00000, 0x0000000800000000)
  region size 2048K, 7 young (14336K), 7 survivors (14336K)
 Metaspace       used 253681K, committed 280576K, reserved 1376256K
  class space    used 24903K, committed 28736K, reserved 1048576K
}
Event: 57137.375 GC heap before
{Heap before GC invocations=803 (full 29):
 garbage-first heap   total 393216K, used 311827K [0x0000000701e00000, 0x0000000800000000)
  region size 2048K, 84 young (172032K), 7 survivors (14336K)
 Metaspace       used 253408K, committed 280576K, reserved 1376256K
  class space    used 24850K, committed 28736K, reserved 1048576K
}
Event: 57137.385 GC heap after
{Heap after GC invocations=804 (full 29):
 garbage-first heap   total 393216K, used 149594K [0x0000000701e00000, 0x0000000800000000)
  region size 2048K, 2 young (4096K), 2 survivors (4096K)
 Metaspace       used 253408K, committed 280576K, reserved 1376256K
  class space    used 24850K, committed 28736K, reserved 1048576K
}
Event: 57140.390 GC heap before
{Heap before GC invocations=804 (full 29):
 garbage-first heap   total 393216K, used 163930K [0x0000000701e00000, 0x0000000800000000)
  region size 2048K, 9 young (18432K), 2 survivors (4096K)
 Metaspace       used 253408K, committed 280576K, reserved 1376256K
  class space    used 24850K, committed 28736K, reserved 1048576K
}
Event: 57140.398 GC heap after
{Heap after GC invocations=805 (full 29):
 garbage-first heap   total 393216K, used 148584K [0x0000000701e00000, 0x0000000800000000)
  region size 2048K, 1 young (2048K), 1 survivors (2048K)
 Metaspace       used 253408K, committed 280576K, reserved 1376256K
  class space    used 24850K, committed 28736K, reserved 1048576K
}
Event: 57161.910 GC heap before
{Heap before GC invocations=805 (full 29):
 garbage-first heap   total 393216K, used 255080K [0x0000000701e00000, 0x0000000800000000)
  region size 2048K, 54 young (110592K), 1 survivors (2048K)
 Metaspace       used 253411K, committed 280576K, reserved 1376256K
  class space    used 24851K, committed 28736K, reserved 1048576K
}

