# JRE version: Java(TM) SE Runtime Environment (17.0.12+8) (build 17.0.12+8-LTS-286)
# Java VM: Java HotSpot(TM) 64-Bit Server VM (17.0.12+8-LTS-286, mixed mode, sharing, tiered, compressed oops, compressed class ptrs, g1 gc, windows-amd64)
GC Precious Log:
 CPUs: 8 total, 8 available
 Memory: 16259M
 Large Page Support: Disabled
 NUMA Support: Disabled
 Compressed Oops: Enabled (Zero based)
 Heap Region Size: 2M
 Heap Min Capacity: 8M
 Heap Initial Capacity: 256M
 Heap Max Capacity: 4066M
 Pre-touch: Disabled
 Parallel Workers: 8
 Concurrent Workers: 2
 Concurrent Refinement Workers: 8
 Periodic GC: Disabled
Heap:
 garbage-first heap   total 266240K, used 204009K [0x0000000701e00000, 0x0000000800000000)
  region size 2048K, 59 young (120832K), 0 survivors (0K)
 Metaspace       used 118348K, committed 120448K, reserved 1179648K
  class space    used 14105K, committed 15040K, reserved 1048576K
GC Heap History (20 events):
Event: 15341.847 GC heap before
{Heap before GC invocations=283 (full 0):
 garbage-first heap   total 266240K, used 234760K [0x0000000701e00000, 0x0000000800000000)
  region size 2048K, 55 young (112640K), 1 survivors (2048K)
 Metaspace       used 118722K, committed 120064K, reserved 1179648K
  class space    used 14250K, committed 14912K, reserved 1048576K
}
Event: 15341.906 GC heap after
{Heap after GC invocations=284 (full 0):
 garbage-first heap   total 266240K, used 124533K [0x0000000701e00000, 0x0000000800000000)
  region size 2048K, 1 young (2048K), 1 survivors (2048K)
 Metaspace       used 118722K, committed 120064K, reserved 1179648K
  class space    used 14250K, committed 14912K, reserved 1048576K
}
Event: 15402.289 GC heap before
{Heap before GC invocations=284 (full 0):
 garbage-first heap   total 266240K, used 235125K [0x0000000701e00000, 0x0000000800000000)
  region size 2048K, 55 young (112640K), 1 survivors (2048K)
 Metaspace       used 118814K, committed 120128K, reserved 1179648K
  class space    used 14266K, committed 14912K, reserved 1048576K
}
Event: 15402.334 GC heap after
{Heap after GC invocations=285 (full 0):
 garbage-first heap   total 266240K, used 124405K [0x0000000701e00000, 0x0000000800000000)
  region size 2048K, 1 young (2048K), 1 survivors (2048K)
 Metaspace       used 118814K, committed 120128K, reserved 1179648K
  class space    used 14266K, committed 14912K, reserved 1048576K
}
Event: 15425.230 GC heap before
{Heap before GC invocations=285 (full 0):
 garbage-first heap   total 266240K, used 234997K [0x0000000701e00000, 0x0000000800000000)
  region size 2048K, 55 young (112640K), 1 survivors (2048K)
 Metaspace       used 118814K, committed 120128K, reserved 1179648K
  class space    used 14266K, committed 14912K, reserved 1048576K
}
Event: 15425.232 GC heap after
{Heap after GC invocations=286 (full 0):
 garbage-first heap   total 266240K, used 124622K [0x0000000701e00000, 0x0000000800000000)
  region size 2048K, 1 young (2048K), 1 survivors (2048K)
 Metaspace       used 118814K, committed 120128K, reserved 1179648K
  class space    used 14266K, committed 14912K, reserved 1048576K
}
Event: 15488.536 GC heap before
{Heap before GC invocations=286 (full 0):
 garbage-first heap   total 266240K, used 235214K [0x0000000701e00000, 0x0000000800000000)
  region size 2048K, 55 young (112640K), 1 survivors (2048K)
 Metaspace       used 118815K, committed 120128K, reserved 1179648K
  class space    used 14266K, committed 14912K, reserved 1048576K
}
Event: 15488.540 GC heap after
{Heap after GC invocations=287 (full 0):
 garbage-first heap   total 266240K, used 124177K [0x0000000701e00000, 0x0000000800000000)
  region size 2048K, 1 young (2048K), 1 survivors (2048K)
 Metaspace       used 118815K, committed 120128K, reserved 1179648K
  class space    used 14266K, committed 14912K, reserved 1048576K
}
Event: 15606.542 GC heap before
{Heap before GC invocations=287 (full 0):
 garbage-first heap   total 266240K, used 234769K [0x0000000701e00000, 0x0000000800000000)
  region size 2048K, 55 young (112640K), 1 survivors (2048K)
 Metaspace       used 118815K, committed 120128K, reserved 1179648K
  class space    used 14266K, committed 14912K, reserved 1048576K
}
Event: 15606.544 GC heap after
{Heap after GC invocations=288 (full 0):
 garbage-first heap   total 266240K, used 124362K [0x0000000701e00000, 0x0000000800000000)
  region size 2048K, 1 young (2048K), 1 survivors (2048K)
 Metaspace       used 118815K, committed 120128K, reserved 1179648K
  class space    used 14266K, committed 14912K, reserved 1048576K
}
Event: 15698.317 GC heap before
{Heap before GC invocations=288 (full 0):
 garbage-first heap   total 266240K, used 234954K [0x0000000701e00000, 0x0000000800000000)
  region size 2048K, 55 young (112640K), 1 survivors (2048K)
 Metaspace       used 118816K, committed 120128K, reserved 1179648K
  class space    used 14266K, committed 14912K, reserved 1048576K
}
Event: 15698.320 GC heap after
{Heap after GC invocations=289 (full 0):
 garbage-first heap   total 266240K, used 124194K [0x0000000701e00000, 0x0000000800000000)
  region size 2048K, 1 young (2048K), 1 survivors (2048K)
 Metaspace       used 118816K, committed 120128K, reserved 1179648K
  class space    used 14266K, committed 14912K, reserved 1048576K
}
Event: 15733.301 GC heap before
{Heap before GC invocations=289 (full 0):
 garbage-first heap   total 266240K, used 234786K [0x0000000701e00000, 0x0000000800000000)
  region size 2048K, 55 young (112640K), 1 survivors (2048K)
 Metaspace       used 118816K, committed 120128K, reserved 1179648K
  class space    used 14266K, committed 14912K, reserved 1048576K
}
Event: 15733.303 GC heap after
{Heap after GC invocations=290 (full 0):
 garbage-first heap   total 266240K, used 124582K [0x0000000701e00000, 0x0000000800000000)
  region size 2048K, 1 young (2048K), 1 survivors (2048K)
 Metaspace       used 118816K, committed 120128K, reserved 1179648K
  class space    used 14266K, committed 14912K, reserved 1048576K
}
Event: 15745.881 GC heap before
{Heap before GC invocations=290 (full 0):
 garbage-first heap   total 266240K, used 235174K [0x0000000701e00000, 0x0000000800000000)
  region size 2048K, 55 young (112640K), 1 survivors (2048K)
 Metaspace       used 118830K, committed 120128K, reserved 1179648K
  class space    used 14267K, committed 14912K, reserved 1048576K
}
Event: 15745.900 GC heap after
{Heap after GC invocations=291 (full 0):
 garbage-first heap   total 266240K, used 124239K [0x0000000701e00000, 0x0000000800000000)
  region size 2048K, 1 young (2048K), 1 survivors (2048K)
 Metaspace       used 118830K, committed 120128K, reserved 1179648K
  class space    used 14267K, committed 14912K, reserved 1048576K
}
Event: 15855.342 GC heap before
{Heap before GC invocations=291 (full 0):
 garbage-first heap   total 266240K, used 234831K [0x0000000701e00000, 0x0000000800000000)
  region size 2048K, 55 young (112640K), 1 survivors (2048K)
 Metaspace       used 118830K, committed 120128K, reserved 1179648K
  class space    used 14267K, committed 14912K, reserved 1048576K
}
Event: 15855.368 GC heap after
{Heap after GC invocations=292 (full 0):
 garbage-first heap   total 266240K, used 124267K [0x0000000701e00000, 0x0000000800000000)
  region size 2048K, 1 young (2048K), 1 survivors (2048K)
 Metaspace       used 118830K, committed 120128K, reserved 1179648K
  class space    used 14267K, committed 14912K, reserved 1048576K
}
Event: 15891.219 GC heap before
{Heap before GC invocations=292 (full 0):
 garbage-first heap   total 266240K, used 140651K [0x0000000701e00000, 0x0000000800000000)
  region size 2048K, 10 young (20480K), 1 survivors (2048K)
 Metaspace       used 118931K, committed 120320K, reserved 1179648K
  class space    used 14287K, committed 15040K, reserved 1048576K
}
Event: 15965.368 GC heap after
{Heap after GC invocations=293 (full 1):
 garbage-first heap   total 266240K, used 85225K [0x0000000701e00000, 0x0000000800000000)
  region size 2048K, 0 young (0K), 0 survivors (0K)
 Metaspace       used 117714K, committed 120320K, reserved 1179648K
  class space    used 14041K, committed 15040K, reserved 1048576K
}

