# JRE version: Java(TM) SE Runtime Environment (17.0.12+8) (build 17.0.12+8-LTS-286)
# Java VM: Java HotSpot(TM) 64-Bit Server VM (17.0.12+8-LTS-286, mixed mode, sharing, tiered, compressed oops, compressed class ptrs, g1 gc, windows-amd64)
GC Precious Log:
 CPUs: 8 total, 8 available
 Memory: 16259M
 Large Page Support: Disabled
 NUMA Support: Disabled
 Compressed Oops: Enabled (Zero based)
 Heap Region Size: 2M
 Heap Min Capacity: 8M
 Heap Initial Capacity: 256M
 Heap Max Capacity: 4066M
 Pre-touch: Disabled
 Parallel Workers: 8
 Concurrent Workers: 2
 Concurrent Refinement Workers: 8
 Periodic GC: Disabled
Heap:
 garbage-first heap   total 247808K, used 95771K [0x0000000701e00000, 0x0000000800000000)
  region size 2048K, 6 young (12288K), 4 survivors (8192K)
 Metaspace       used 106801K, committed 107648K, reserved 1179648K
  class space    used 13397K, committed 13824K, reserved 1048576K
GC Heap History (20 events):
Event: 19.165 GC heap before
{Heap before GC invocations=43 (full 0):
 garbage-first heap   total 141312K, used 112868K [0x0000000701e00000, 0x0000000800000000)
  region size 2048K, 23 young (47104K), 1 survivors (2048K)
 Metaspace       used 87325K, committed 87936K, reserved 1179648K
  class space    used 11281K, committed 11584K, reserved 1048576K
}
Event: 19.169 GC heap after
{Heap after GC invocations=44 (full 0):
 garbage-first heap   total 141312K, used 70490K [0x0000000701e00000, 0x0000000800000000)
  region size 2048K, 3 young (6144K), 3 survivors (6144K)
 Metaspace       used 87325K, committed 87936K, reserved 1179648K
  class space    used 11281K, committed 11584K, reserved 1048576K
}
Event: 19.174 GC heap before
{Heap before GC invocations=44 (full 0):
 garbage-first heap   total 141312K, used 72538K [0x0000000701e00000, 0x0000000800000000)
  region size 2048K, 4 young (8192K), 3 survivors (6144K)
 Metaspace       used 87325K, committed 87936K, reserved 1179648K
  class space    used 11281K, committed 11584K, reserved 1048576K
}
Event: 19.180 GC heap after
{Heap after GC invocations=45 (full 0):
 garbage-first heap   total 247808K, used 68893K [0x0000000701e00000, 0x0000000800000000)
  region size 2048K, 1 young (2048K), 1 survivors (2048K)
 Metaspace       used 87325K, committed 87936K, reserved 1179648K
  class space    used 11281K, committed 11584K, reserved 1048576K
}
Event: 20.243 GC heap before
{Heap before GC invocations=45 (full 0):
 garbage-first heap   total 247808K, used 183581K [0x0000000701e00000, 0x0000000800000000)
  region size 2048K, 57 young (116736K), 1 survivors (2048K)
 Metaspace       used 88490K, committed 89088K, reserved 1179648K
  class space    used 11343K, committed 11648K, reserved 1048576K
}
Event: 20.247 GC heap after
{Heap after GC invocations=46 (full 0):
 garbage-first heap   total 247808K, used 72539K [0x0000000701e00000, 0x0000000800000000)
  region size 2048K, 3 young (6144K), 3 survivors (6144K)
 Metaspace       used 88490K, committed 89088K, reserved 1179648K
  class space    used 11343K, committed 11648K, reserved 1048576K
}
Event: 21.415 GC heap before
{Heap before GC invocations=46 (full 0):
 garbage-first heap   total 247808K, used 197467K [0x0000000701e00000, 0x0000000800000000)
  region size 2048K, 64 young (131072K), 3 survivors (6144K)
 Metaspace       used 90860K, committed 91584K, reserved 1179648K
  class space    used 11484K, committed 11840K, reserved 1048576K
}
Event: 21.423 GC heap after
{Heap after GC invocations=47 (full 0):
 garbage-first heap   total 247808K, used 80185K [0x0000000701e00000, 0x0000000800000000)
  region size 2048K, 6 young (12288K), 6 survivors (12288K)
 Metaspace       used 90860K, committed 91584K, reserved 1179648K
  class space    used 11484K, committed 11840K, reserved 1048576K
}
Event: 22.710 GC heap before
{Heap before GC invocations=47 (full 0):
 garbage-first heap   total 247808K, used 196921K [0x0000000701e00000, 0x0000000800000000)
  region size 2048K, 63 young (129024K), 6 survivors (12288K)
 Metaspace       used 94736K, committed 95488K, reserved 1179648K
  class space    used 11917K, committed 12288K, reserved 1048576K
}
Event: 22.721 GC heap after
{Heap after GC invocations=48 (full 0):
 garbage-first heap   total 247808K, used 84217K [0x0000000701e00000, 0x0000000800000000)
  region size 2048K, 6 young (12288K), 6 survivors (12288K)
 Metaspace       used 94736K, committed 95488K, reserved 1179648K
  class space    used 11917K, committed 12288K, reserved 1048576K
}
Event: 23.475 GC heap before
{Heap before GC invocations=48 (full 0):
 garbage-first heap   total 247808K, used 198905K [0x0000000701e00000, 0x0000000800000000)
  region size 2048K, 62 young (126976K), 6 survivors (12288K)
 Metaspace       used 96168K, committed 96896K, reserved 1179648K
  class space    used 12062K, committed 12416K, reserved 1048576K
}
Event: 23.485 GC heap after
{Heap after GC invocations=49 (full 0):
 garbage-first heap   total 247808K, used 92176K [0x0000000701e00000, 0x0000000800000000)
  region size 2048K, 7 young (14336K), 7 survivors (14336K)
 Metaspace       used 96168K, committed 96896K, reserved 1179648K
  class space    used 12062K, committed 12416K, reserved 1048576K
}
Event: 23.857 GC heap before
{Heap before GC invocations=49 (full 0):
 garbage-first heap   total 247808K, used 196624K [0x0000000701e00000, 0x0000000800000000)
  region size 2048K, 59 young (120832K), 7 survivors (14336K)
 Metaspace       used 96363K, committed 97088K, reserved 1179648K
  class space    used 12069K, committed 12416K, reserved 1048576K
}
Event: 23.864 GC heap after
{Heap after GC invocations=50 (full 0):
 garbage-first heap   total 247808K, used 92711K [0x0000000701e00000, 0x0000000800000000)
  region size 2048K, 5 young (10240K), 5 survivors (10240K)
 Metaspace       used 96363K, committed 97088K, reserved 1179648K
  class space    used 12069K, committed 12416K, reserved 1048576K
}
Event: 32.117 GC heap before
{Heap before GC invocations=50 (full 0):
 garbage-first heap   total 247808K, used 195111K [0x0000000701e00000, 0x0000000800000000)
  region size 2048K, 56 young (114688K), 5 survivors (10240K)
 Metaspace       used 103420K, committed 104192K, reserved 1179648K
  class space    used 13020K, committed 13440K, reserved 1048576K
}
Event: 32.134 GC heap after
{Heap after GC invocations=51 (full 0):
 garbage-first heap   total 247808K, used 92343K [0x0000000701e00000, 0x0000000800000000)
  region size 2048K, 3 young (6144K), 3 survivors (6144K)
 Metaspace       used 103420K, committed 104192K, reserved 1179648K
  class space    used 13020K, committed 13440K, reserved 1048576K
}
Event: 33.926 GC heap before
{Heap before GC invocations=51 (full 0):
 garbage-first heap   total 247808K, used 198839K [0x0000000701e00000, 0x0000000800000000)
  region size 2048K, 55 young (112640K), 3 survivors (6144K)
 Metaspace       used 105029K, committed 105792K, reserved 1179648K
  class space    used 13200K, committed 13568K, reserved 1048576K
}
Event: 33.938 GC heap after
{Heap after GC invocations=52 (full 0):
 garbage-first heap   total 247808K, used 92098K [0x0000000701e00000, 0x0000000800000000)
  region size 2048K, 3 young (6144K), 3 survivors (6144K)
 Metaspace       used 105029K, committed 105792K, reserved 1179648K
  class space    used 13200K, committed 13568K, reserved 1048576K
}
Event: 17641.347 GC heap before
{Heap before GC invocations=52 (full 0):
 garbage-first heap   total 247808K, used 202690K [0x0000000701e00000, 0x0000000800000000)
  region size 2048K, 57 young (116736K), 3 survivors (6144K)
 Metaspace       used 106782K, committed 107648K, reserved 1179648K
  class space    used 13397K, committed 13824K, reserved 1048576K
}
Event: 17641.355 GC heap after
{Heap after GC invocations=53 (full 0):
 garbage-first heap   total 247808K, used 93723K [0x0000000701e00000, 0x0000000800000000)
  region size 2048K, 4 young (8192K), 4 survivors (8192K)
 Metaspace       used 106782K, committed 107648K, reserved 1179648K
  class space    used 13397K, committed 13824K, reserved 1048576K
}

