# JRE version: OpenJDK Runtime Environment Temurin-21.0.9+10 (21.0.9+10) (build 21.0.9+10-LTS)
# Java VM: OpenJDK 64-Bit Server VM Temurin-21.0.9+10 (21.0.9+10-LTS, mixed mode, sharing, tiered, compressed oops, compressed class ptrs, parallel gc, windows-amd64)
GC Precious Log:
 CardTable entry size: 512
 CPUs: 8 total, 8 available
 Memory: 16259M
 Large Page Support: Disabled
 NUMA Support: Disabled
 Compressed Oops: Enabled (32-bit)
 Alignments: Space 512K, Generation 512K, Heap 2M
 Heap Min Capacity: 100M
 Heap Initial Capacity: 100M
 Heap Max Capacity: 2G
 Pre-touch: Disabled
 Parallel Workers: 8
Heap:
 PSYoungGen      total 5632K, used 5616K [0x00000000d5580000, 0x00000000d6580000, 0x0000000100000000)
  eden space 3072K, 100% used [0x00000000d5580000,0x00000000d5880000,0x00000000d5880000)
  from space 2560K, 99% used [0x00000000d5e00000,0x00000000d607c380,0x00000000d6080000)
  to   space 5632K, 20% used [0x00000000d5880000,0x00000000d59a0000,0x00000000d5e00000)
 ParOldGen       total 1159680K, used 1159654K [0x0000000080000000, 0x00000000c6c80000, 0x00000000d5580000)
  object space 1159680K, 99% used [0x0000000080000000,0x00000000c6c79920,0x00000000c6c80000)
 Metaspace       used 95470K, committed 97216K, reserved 1179648K
  class space    used 9396K, committed 10176K, reserved 1048576K
GC Heap History (20 events):
Event: 125127.205 GC heap after
{Heap after GC invocations=4262 (full 14):
 PSYoungGen      total 2560K, used 192K [0x00000000d5580000, 0x00000000d5900000, 0x0000000100000000)
  eden space 1536K, 0% used [0x00000000d5580000,0x00000000d5580000,0x00000000d5700000)
  from space 1024K, 18% used [0x00000000d5700000,0x00000000d5730000,0x00000000d5800000)
  to   space 512K, 0% used [0x00000000d5880000,0x00000000d5880000,0x00000000d5900000)
 ParOldGen       total 985600K, used 985422K [0x0000000080000000, 0x00000000bc280000, 0x00000000d5580000)
  object space 985600K, 99% used [0x0000000080000000,0x00000000bc253960,0x00000000bc280000)
 Metaspace       used 95463K, committed 97152K, reserved 1179648K
  class space    used 9396K, committed 10176K, reserved 1048576K
}
Event: 125127.207 GC heap before
{Heap before GC invocations=4263 (full 14):
 PSYoungGen      total 2560K, used 1728K [0x00000000d5580000, 0x00000000d5900000, 0x0000000100000000)
  eden space 1536K, 100% used [0x00000000d5580000,0x00000000d5700000,0x00000000d5700000)
  from space 1024K, 18% used [0x00000000d5700000,0x00000000d5730000,0x00000000d5800000)
  to   space 512K, 0% used [0x00000000d5880000,0x00000000d5880000,0x00000000d5900000)
 ParOldGen       total 985600K, used 985422K [0x0000000080000000, 0x00000000bc280000, 0x00000000d5580000)
  object space 985600K, 99% used [0x0000000080000000,0x00000000bc253960,0x00000000bc280000)
 Metaspace       used 95463K, committed 97152K, reserved 1179648K
  class space    used 9396K, committed 10176K, reserved 1048576K
}
Event: 125127.210 GC heap after
{Heap after GC invocations=4263 (full 14):
 PSYoungGen      total 2560K, used 480K [0x00000000d5580000, 0x00000000d5980000, 0x0000000100000000)
  eden space 2048K, 0% used [0x00000000d5580000,0x00000000d5580000,0x00000000d5780000)
  from space 512K, 93% used [0x00000000d5880000,0x00000000d58f8000,0x00000000d5900000)
  to   space 1024K, 0% used [0x00000000d5780000,0x00000000d5780000,0x00000000d5880000)
 ParOldGen       total 987648K, used 986787K [0x0000000080000000, 0x00000000bc480000, 0x00000000d5580000)
  object space 987648K, 99% used [0x0000000080000000,0x00000000bc3a8da0,0x00000000bc480000)
 Metaspace       used 95463K, committed 97152K, reserved 1179648K
  class space    used 9396K, committed 10176K, reserved 1048576K
}
Event: 125127.218 GC heap before
{Heap before GC invocations=4264 (full 14):
 PSYoungGen      total 2560K, used 2528K [0x00000000d5580000, 0x00000000d5980000, 0x0000000100000000)
  eden space 2048K, 100% used [0x00000000d5580000,0x00000000d5780000,0x00000000d5780000)
  from space 512K, 93% used [0x00000000d5880000,0x00000000d58f8000,0x00000000d5900000)
  to   space 1024K, 0% used [0x00000000d5780000,0x00000000d5780000,0x00000000d5880000)
 ParOldGen       total 987648K, used 986787K [0x0000000080000000, 0x00000000bc480000, 0x00000000d5580000)
  object space 987648K, 99% used [0x0000000080000000,0x00000000bc3a8da0,0x00000000bc480000)
 Metaspace       used 95463K, committed 97152K, reserved 1179648K
  class space    used 9396K, committed 10176K, reserved 1048576K
}
Event: 125127.223 GC heap after
{Heap after GC invocations=4264 (full 14):
 PSYoungGen      total 3072K, used 1008K [0x00000000d5580000, 0x00000000d5d00000, 0x0000000100000000)
  eden space 2048K, 0% used [0x00000000d5580000,0x00000000d5580000,0x00000000d5780000)
  from space 1024K, 98% used [0x00000000d5780000,0x00000000d587c030,0x00000000d5880000)
  to   space 2560K, 0% used [0x00000000d5a80000,0x00000000d5a80000,0x00000000d5d00000)
 ParOldGen       total 988160K, used 987723K [0x0000000080000000, 0x00000000bc500000, 0x00000000d5580000)
  object space 988160K, 99% used [0x0000000080000000,0x00000000bc492da0,0x00000000bc500000)
 Metaspace       used 95463K, committed 97152K, reserved 1179648K
  class space    used 9396K, committed 10176K, reserved 1048576K
}
Event: 125127.235 GC heap before
{Heap before GC invocations=4265 (full 14):
 PSYoungGen      total 3072K, used 3056K [0x00000000d5580000, 0x00000000d5d00000, 0x0000000100000000)
  eden space 2048K, 100% used [0x00000000d5580000,0x00000000d5780000,0x00000000d5780000)
  from space 1024K, 98% used [0x00000000d5780000,0x00000000d587c030,0x00000000d5880000)
  to   space 2560K, 0% used [0x00000000d5a80000,0x00000000d5a80000,0x00000000d5d00000)
 ParOldGen       total 988160K, used 987723K [0x0000000080000000, 0x00000000bc500000, 0x00000000d5580000)
  object space 988160K, 99% used [0x0000000080000000,0x00000000bc492da0,0x00000000bc500000)
 Metaspace       used 95463K, committed 97152K, reserved 1179648K
  class space    used 9396K, committed 10176K, reserved 1048576K
}
Event: 125127.241 GC heap after
{Heap after GC invocations=4265 (full 14):
 PSYoungGen      total 4608K, used 1904K [0x00000000d5580000, 0x00000000d5c80000, 0x0000000100000000)
  eden space 2560K, 0% used [0x00000000d5580000,0x00000000d5580000,0x00000000d5800000)
  from space 2048K, 92% used [0x00000000d5a80000,0x00000000d5c5c010,0x00000000d5c80000)
  to   space 2048K, 0% used [0x00000000d5880000,0x00000000d5880000,0x00000000d5a80000)
 ParOldGen       total 989184K, used 988739K [0x0000000080000000, 0x00000000bc600000, 0x00000000d5580000)
  object space 989184K, 99% used [0x0000000080000000,0x00000000bc590dd0,0x00000000bc600000)
 Metaspace       used 95463K, committed 97152K, reserved 1179648K
  class space    used 9396K, committed 10176K, reserved 1048576K
}
Event: 125127.254 GC heap before
{Heap before GC invocations=4266 (full 14):
 PSYoungGen      total 4608K, used 4463K [0x00000000d5580000, 0x00000000d5c80000, 0x0000000100000000)
  eden space 2560K, 99% used [0x00000000d5580000,0x00000000d57fffd0,0x00000000d5800000)
  from space 2048K, 92% used [0x00000000d5a80000,0x00000000d5c5c010,0x00000000d5c80000)
  to   space 2048K, 0% used [0x00000000d5880000,0x00000000d5880000,0x00000000d5a80000)
 ParOldGen       total 989184K, used 988739K [0x0000000080000000, 0x00000000bc600000, 0x00000000d5580000)
  object space 989184K, 99% used [0x0000000080000000,0x00000000bc590dd0,0x00000000bc600000)
 Metaspace       used 95463K, committed 97152K, reserved 1179648K
  class space    used 9396K, committed 10176K, reserved 1048576K
}
Event: 125127.260 GC heap after
{Heap after GC invocations=4266 (full 14):
 PSYoungGen      total 5120K, used 2048K [0x00000000d5580000, 0x00000000d6180000, 0x0000000100000000)
  eden space 3072K, 0% used [0x00000000d5580000,0x00000000d5580000,0x00000000d5880000)
  from space 2048K, 100% used [0x00000000d5880000,0x00000000d5a80000,0x00000000d5a80000)
  to   space 4608K, 0% used [0x00000000d5d00000,0x00000000d5d00000,0x00000000d6180000)
 ParOldGen       total 990720K, used 990699K [0x0000000080000000, 0x00000000bc780000, 0x00000000d5580000)
  object space 990720K, 99% used [0x0000000080000000,0x00000000bc77ae00,0x00000000bc780000)
 Metaspace       used 95463K, committed 97152K, reserved 1179648K
  class space    used 9396K, committed 10176K, reserved 1048576K
}
Event: 125127.270 GC heap before
{Heap before GC invocations=4267 (full 14):
 PSYoungGen      total 5120K, used 5113K [0x00000000d5580000, 0x00000000d6180000, 0x0000000100000000)
  eden space 3072K, 99% used [0x00000000d5580000,0x00000000d587e618,0x00000000d5880000)
  from space 2048K, 100% used [0x00000000d5880000,0x00000000d5a80000,0x00000000d5a80000)
  to   space 4608K, 0% used [0x00000000d5d00000,0x00000000d5d00000,0x00000000d6180000)
 ParOldGen       total 990720K, used 990699K [0x0000000080000000, 0x00000000bc780000, 0x00000000d5580000)
  object space 990720K, 99% used [0x0000000080000000,0x00000000bc77ae00,0x00000000bc780000)
 Metaspace       used 95463K, committed 97152K, reserved 1179648K
  class space    used 9396K, committed 10176K, reserved 1048576K
}
Event: 125127.275 GC heap after
{Heap after GC invocations=4267 (full 14):
 PSYoungGen      total 6656K, used 1856K [0x00000000d5580000, 0x00000000d5f80000, 0x0000000100000000)
  eden space 4096K, 0% used [0x00000000d5580000,0x00000000d5580000,0x00000000d5980000)
  from space 2560K, 72% used [0x00000000d5d00000,0x00000000d5ed0000,0x00000000d5f80000)
  to   space 3072K, 0% used [0x00000000d5980000,0x00000000d5980000,0x00000000d5c80000)
 ParOldGen       total 992768K, used 992759K [0x0000000080000000, 0x00000000bc980000, 0x00000000d5580000)
  object space 992768K, 99% used [0x0000000080000000,0x00000000bc97de20,0x00000000bc980000)
 Metaspace       used 95463K, committed 97152K, reserved 1179648K
  class space    used 9396K, committed 10176K, reserved 1048576K
}
Event: 125127.303 GC heap before
{Heap before GC invocations=4268 (full 14):
 PSYoungGen      total 6656K, used 5951K [0x00000000d5580000, 0x00000000d5f80000, 0x0000000100000000)
  eden space 4096K, 99% used [0x00000000d5580000,0x00000000d597ffb0,0x00000000d5980000)
  from space 2560K, 72% used [0x00000000d5d00000,0x00000000d5ed0000,0x00000000d5f80000)
  to   space 3072K, 0% used [0x00000000d5980000,0x00000000d5980000,0x00000000d5c80000)
 ParOldGen       total 1012736K, used 1011959K [0x0000000080000000, 0x00000000bdd00000, 0x00000000d5580000)
  object space 1012736K, 99% used [0x0000000080000000,0x00000000bdc3de40,0x00000000bdd00000)
 Metaspace       used 95463K, committed 97152K, reserved 1179648K
  class space    used 9396K, committed 10176K, reserved 1048576K
}
Event: 125127.309 GC heap after
{Heap after GC invocations=4268 (full 14):
 PSYoungGen      total 7168K, used 2960K [0x00000000d5580000, 0x00000000d6180000, 0x0000000100000000)
  eden space 4096K, 0% used [0x00000000d5580000,0x00000000d5580000,0x00000000d5980000)
  from space 3072K, 96% used [0x00000000d5980000,0x00000000d5c64010,0x00000000d5c80000)
  to   space 3584K, 0% used [0x00000000d5e00000,0x00000000d5e00000,0x00000000d6180000)
 ParOldGen       total 1013760K, used 1013679K [0x0000000080000000, 0x00000000bde00000, 0x00000000d5580000)
  object space 1013760K, 99% used [0x0000000080000000,0x00000000bddebe40,0x00000000bde00000)
 Metaspace       used 95463K, committed 97152K, reserved 1179648K
  class space    used 9396K, committed 10176K, reserved 1048576K
}
Event: 125127.331 GC heap before
{Heap before GC invocations=4269 (full 14):
 PSYoungGen      total 7168K, used 7056K [0x00000000d5580000, 0x00000000d6180000, 0x0000000100000000)
  eden space 4096K, 100% used [0x00000000d5580000,0x00000000d5980000,0x00000000d5980000)
  from space 3072K, 96% used [0x00000000d5980000,0x00000000d5c64010,0x00000000d5c80000)
  to   space 3584K, 0% used [0x00000000d5e00000,0x00000000d5e00000,0x00000000d6180000)
 ParOldGen       total 1057280K, used 1055919K [0x0000000080000000, 0x00000000c0880000, 0x00000000d5580000)
  object space 1057280K, 99% used [0x0000000080000000,0x00000000c072be80,0x00000000c0880000)
 Metaspace       used 95463K, committed 97152K, reserved 1179648K
  class space    used 9396K, committed 10176K, reserved 1048576K
}
Event: 125127.336 GC heap after
{Heap after GC invocations=4269 (full 14):
 PSYoungGen      total 8192K, used 2912K [0x00000000d5580000, 0x00000000d6100000, 0x0000000100000000)
  eden space 5120K, 0% used [0x00000000d5580000,0x00000000d5580000,0x00000000d5a80000)
  from space 3072K, 94% used [0x00000000d5e00000,0x00000000d60d8000,0x00000000d6100000)
  to   space 3072K, 0% used [0x00000000d5b00000,0x00000000d5b00000,0x00000000d5e00000)
 ParOldGen       total 1058816K, used 1058783K [0x0000000080000000, 0x00000000c0a00000, 0x00000000d5580000)
  object space 1058816K, 99% used [0x0000000080000000,0x00000000c09f7e90,0x00000000c0a00000)
 Metaspace       used 95463K, committed 97152K, reserved 1179648K
  class space    used 9396K, committed 10176K, reserved 1048576K
}
Event: 125127.447 GC heap before
{Heap before GC invocations=4270 (full 14):
 PSYoungGen      total 8192K, used 7764K [0x00000000d5580000, 0x00000000d6100000, 0x0000000100000000)
  eden space 5120K, 94% used [0x00000000d5580000,0x00000000d5a3d3f0,0x00000000d5a80000)
  from space 3072K, 94% used [0x00000000d5e00000,0x00000000d60d8000,0x00000000d6100000)
  to   space 3072K, 0% used [0x00000000d5b00000,0x00000000d5b00000,0x00000000d5e00000)
 ParOldGen       total 1154048K, used 1150943K [0x0000000080000000, 0x00000000c6700000, 0x00000000d5580000)
  object space 1154048K, 99% used [0x0000000080000000,0x00000000c63f7f20,0x00000000c6700000)
 Metaspace       used 95470K, committed 97216K, reserved 1179648K
  class space    used 9396K, committed 10176K, reserved 1048576K
}
Event: 125127.454 GC heap after
{Heap after GC invocations=4270 (full 14):
 PSYoungGen      total 8192K, used 2754K [0x00000000d5580000, 0x00000000d6080000, 0x0000000100000000)
  eden space 5120K, 0% used [0x00000000d5580000,0x00000000d5580000,0x00000000d5a80000)
  from space 3072K, 89% used [0x00000000d5b00000,0x00000000d5db0b40,0x00000000d5e00000)
  to   space 2560K, 0% used [0x00000000d5e00000,0x00000000d5e00000,0x00000000d6080000)
 ParOldGen       total 1154048K, used 1153743K [0x0000000080000000, 0x00000000c6700000, 0x00000000d5580000)
  object space 1154048K, 99% used [0x0000000080000000,0x00000000c66b3f20,0x00000000c6700000)
 Metaspace       used 95470K, committed 97216K, reserved 1179648K
  class space    used 9396K, committed 10176K, reserved 1048576K
}
Event: 125127.544 GC heap before
{Heap before GC invocations=4271 (full 14):
 PSYoungGen      total 8192K, used 7874K [0x00000000d5580000, 0x00000000d6080000, 0x0000000100000000)
  eden space 5120K, 100% used [0x00000000d5580000,0x00000000d5a80000,0x00000000d5a80000)
  from space 3072K, 89% used [0x00000000d5b00000,0x00000000d5db0b40,0x00000000d5e00000)
  to   space 2560K, 0% used [0x00000000d5e00000,0x00000000d5e00000,0x00000000d6080000)
 ParOldGen       total 1154048K, used 1153743K [0x0000000080000000, 0x00000000c6700000, 0x00000000d5580000)
  object space 1154048K, 99% used [0x0000000080000000,0x00000000c66b3f20,0x00000000c6700000)
 Metaspace       used 95470K, committed 97216K, reserved 1179648K
  class space    used 9396K, committed 10176K, reserved 1048576K
}
Event: 125127.553 GC heap after
{Heap after GC invocations=4271 (full 14):
 PSYoungGen      total 5632K, used 2544K [0x00000000d5580000, 0x00000000d6580000, 0x0000000100000000)
  eden space 3072K, 0% used [0x00000000d5580000,0x00000000d5580000,0x00000000d5880000)
  from space 2560K, 99% used [0x00000000d5e00000,0x00000000d607c380,0x00000000d6080000)
  to   space 5632K, 0% used [0x00000000d5880000,0x00000000d5880000,0x00000000d5e00000)
 ParOldGen       total 1156608K, used 1156383K [0x0000000080000000, 0x00000000c6980000, 0x00000000d5580000)
  object space 1156608K, 99% used [0x0000000080000000,0x00000000c6947f20,0x00000000c6980000)
 Metaspace       used 95470K, committed 97216K, reserved 1179648K
  class space    used 9396K, committed 10176K, reserved 1048576K
}
Event: 125127.668 GC heap before
{Heap before GC invocations=4272 (full 14):
 PSYoungGen      total 5632K, used 5616K [0x00000000d5580000, 0x00000000d6580000, 0x0000000100000000)
  eden space 3072K, 100% used [0x00000000d5580000,0x00000000d5880000,0x00000000d5880000)
  from space 2560K, 99% used [0x00000000d5e00000,0x00000000d607c380,0x00000000d6080000)
  to   space 5632K, 0% used [0x00000000d5880000,0x00000000d5880000,0x00000000d5e00000)
 ParOldGen       total 1156608K, used 1156383K [0x0000000080000000, 0x00000000c6980000, 0x00000000d5580000)
  object space 1156608K, 99% used [0x0000000080000000,0x00000000c6947f20,0x00000000c6980000)
 Metaspace       used 95470K, committed 97216K, reserved 1179648K
  class space    used 9396K, committed 10176K, reserved 1048576K
}

