# JRE version: OpenJDK Runtime Environment Temurin-21.0.10+7 (21.0.10+7) (build 21.0.10+7-LTS)
# Java VM: OpenJDK 64-Bit Server VM Temurin-21.0.10+7 (21.0.10+7-LTS, mixed mode, sharing, tiered, compressed oops, compressed class ptrs, parallel gc, windows-amd64)
GC Precious Log:
 CardTable entry size: 512
 CPUs: 8 total, 8 available
 Memory: 16259M
 Large Page Support: Disabled
 NUMA Support: Disabled
 Compressed Oops: Enabled (32-bit)
 Alignments: Space 512K, Generation 512K, Heap 2M
 Heap Min Capacity: 100M
 Heap Initial Capacity: 100M
 Heap Max Capacity: 2G
 Pre-touch: Disabled
 Parallel Workers: 8
Heap:
 PSYoungGen      total 22528K, used 8523K [0x00000000d5580000, 0x00000000d6f00000, 0x0000000100000000)
  eden space 22016K, 36% used [0x00000000d5580000,0x00000000d5d62c58,0x00000000d6b00000)
  from space 512K, 87% used [0x00000000d6e80000,0x00000000d6ef0000,0x00000000d6f00000)
  to   space 1024K, 0% used [0x00000000d6d00000,0x00000000d6d00000,0x00000000d6e00000)
 ParOldGen       total 68608K, used 68245K [0x0000000080000000, 0x0000000084300000, 0x00000000d5580000)
  object space 68608K, 99% used [0x0000000080000000,0x00000000842a56b0,0x0000000084300000)
 Metaspace       used 56664K, committed 57984K, reserved 1114112K
  class space    used 6051K, committed 6592K, reserved 1048576K
GC Heap History (20 events):
Event: 102.011 GC heap before
{Heap before GC invocations=43 (full 2):
 PSYoungGen      total 22528K, used 22445K [0x00000000d5580000, 0x00000000d7000000, 0x0000000100000000)
  eden space 22016K, 100% used [0x00000000d5580000,0x00000000d6b00000,0x00000000d6b00000)
  from space 512K, 83% used [0x00000000d6f80000,0x00000000d6feb4e0,0x00000000d7000000)
  to   space 512K, 0% used [0x00000000d6f00000,0x00000000d6f00000,0x00000000d6f80000)
 ParOldGen       total 68608K, used 66921K [0x0000000080000000, 0x0000000084300000, 0x00000000d5580000)
  object space 68608K, 97% used [0x0000000080000000,0x000000008415a4b0,0x0000000084300000)
 Metaspace       used 55838K, committed 57152K, reserved 1114112K
  class space    used 5959K, committed 6528K, reserved 1048576K
}
Event: 102.014 GC heap after
{Heap after GC invocations=43 (full 2):
 PSYoungGen      total 22528K, used 352K [0x00000000d5580000, 0x00000000d7000000, 0x0000000100000000)
  eden space 22016K, 0% used [0x00000000d5580000,0x00000000d5580000,0x00000000d6b00000)
  from space 512K, 68% used [0x00000000d6f00000,0x00000000d6f58000,0x00000000d6f80000)
  to   space 512K, 0% used [0x00000000d6f80000,0x00000000d6f80000,0x00000000d7000000)
 ParOldGen       total 68608K, used 66993K [0x0000000080000000, 0x0000000084300000, 0x00000000d5580000)
  object space 68608K, 97% used [0x0000000080000000,0x000000008416c4b0,0x0000000084300000)
 Metaspace       used 55838K, committed 57152K, reserved 1114112K
  class space    used 5959K, committed 6528K, reserved 1048576K
}
Event: 102.225 GC heap before
{Heap before GC invocations=44 (full 2):
 PSYoungGen      total 22528K, used 22368K [0x00000000d5580000, 0x00000000d7000000, 0x0000000100000000)
  eden space 22016K, 100% used [0x00000000d5580000,0x00000000d6b00000,0x00000000d6b00000)
  from space 512K, 68% used [0x00000000d6f00000,0x00000000d6f58000,0x00000000d6f80000)
  to   space 512K, 0% used [0x00000000d6f80000,0x00000000d6f80000,0x00000000d7000000)
 ParOldGen       total 68608K, used 66993K [0x0000000080000000, 0x0000000084300000, 0x00000000d5580000)
  object space 68608K, 97% used [0x0000000080000000,0x000000008416c4b0,0x0000000084300000)
 Metaspace       used 55855K, committed 57152K, reserved 1114112K
  class space    used 5960K, committed 6528K, reserved 1048576K
}
Event: 102.227 GC heap after
{Heap after GC invocations=44 (full 2):
 PSYoungGen      total 22528K, used 451K [0x00000000d5580000, 0x00000000d7000000, 0x0000000100000000)
  eden space 22016K, 0% used [0x00000000d5580000,0x00000000d5580000,0x00000000d6b00000)
  from space 512K, 88% used [0x00000000d6f80000,0x00000000d6ff0c00,0x00000000d7000000)
  to   space 512K, 0% used [0x00000000d6f00000,0x00000000d6f00000,0x00000000d6f80000)
 ParOldGen       total 68608K, used 67057K [0x0000000080000000, 0x0000000084300000, 0x00000000d5580000)
  object space 68608K, 97% used [0x0000000080000000,0x000000008417c4b0,0x0000000084300000)
 Metaspace       used 55855K, committed 57152K, reserved 1114112K
  class space    used 5960K, committed 6528K, reserved 1048576K
}
Event: 102.560 GC heap before
{Heap before GC invocations=45 (full 2):
 PSYoungGen      total 22528K, used 22467K [0x00000000d5580000, 0x00000000d7000000, 0x0000000100000000)
  eden space 22016K, 100% used [0x00000000d5580000,0x00000000d6b00000,0x00000000d6b00000)
  from space 512K, 88% used [0x00000000d6f80000,0x00000000d6ff0c00,0x00000000d7000000)
  to   space 512K, 0% used [0x00000000d6f00000,0x00000000d6f00000,0x00000000d6f80000)
 ParOldGen       total 68608K, used 67057K [0x0000000080000000, 0x0000000084300000, 0x00000000d5580000)
  object space 68608K, 97% used [0x0000000080000000,0x000000008417c4b0,0x0000000084300000)
 Metaspace       used 55991K, committed 57344K, reserved 1114112K
  class space    used 5969K, committed 6528K, reserved 1048576K
}
Event: 102.565 GC heap after
{Heap after GC invocations=45 (full 2):
 PSYoungGen      total 22528K, used 438K [0x00000000d5580000, 0x00000000d7000000, 0x0000000100000000)
  eden space 22016K, 0% used [0x00000000d5580000,0x00000000d5580000,0x00000000d6b00000)
  from space 512K, 85% used [0x00000000d6f00000,0x00000000d6f6d960,0x00000000d6f80000)
  to   space 512K, 0% used [0x00000000d6f80000,0x00000000d6f80000,0x00000000d7000000)
 ParOldGen       total 68608K, used 67129K [0x0000000080000000, 0x0000000084300000, 0x00000000d5580000)
  object space 68608K, 97% used [0x0000000080000000,0x000000008418e4b0,0x0000000084300000)
 Metaspace       used 55991K, committed 57344K, reserved 1114112K
  class space    used 5969K, committed 6528K, reserved 1048576K
}
Event: 102.840 GC heap before
{Heap before GC invocations=46 (full 2):
 PSYoungGen      total 22528K, used 22454K [0x00000000d5580000, 0x00000000d7000000, 0x0000000100000000)
  eden space 22016K, 100% used [0x00000000d5580000,0x00000000d6b00000,0x00000000d6b00000)
  from space 512K, 85% used [0x00000000d6f00000,0x00000000d6f6d960,0x00000000d6f80000)
  to   space 512K, 0% used [0x00000000d6f80000,0x00000000d6f80000,0x00000000d7000000)
 ParOldGen       total 68608K, used 67129K [0x0000000080000000, 0x0000000084300000, 0x00000000d5580000)
  object space 68608K, 97% used [0x0000000080000000,0x000000008418e4b0,0x0000000084300000)
 Metaspace       used 56043K, committed 57408K, reserved 1114112K
  class space    used 5973K, committed 6528K, reserved 1048576K
}
Event: 102.842 GC heap after
{Heap after GC invocations=46 (full 2):
 PSYoungGen      total 22528K, used 509K [0x00000000d5580000, 0x00000000d7000000, 0x0000000100000000)
  eden space 22016K, 0% used [0x00000000d5580000,0x00000000d5580000,0x00000000d6b00000)
  from space 512K, 99% used [0x00000000d6f80000,0x00000000d6fff638,0x00000000d7000000)
  to   space 1024K, 0% used [0x00000000d6e00000,0x00000000d6e00000,0x00000000d6f00000)
 ParOldGen       total 68608K, used 67273K [0x0000000080000000, 0x0000000084300000, 0x00000000d5580000)
  object space 68608K, 98% used [0x0000000080000000,0x00000000841b24b0,0x0000000084300000)
 Metaspace       used 56043K, committed 57408K, reserved 1114112K
  class space    used 5973K, committed 6528K, reserved 1048576K
}
Event: 103.063 GC heap before
{Heap before GC invocations=47 (full 2):
 PSYoungGen      total 22528K, used 22525K [0x00000000d5580000, 0x00000000d7000000, 0x0000000100000000)
  eden space 22016K, 100% used [0x00000000d5580000,0x00000000d6b00000,0x00000000d6b00000)
  from space 512K, 99% used [0x00000000d6f80000,0x00000000d6fff638,0x00000000d7000000)
  to   space 1024K, 0% used [0x00000000d6e00000,0x00000000d6e00000,0x00000000d6f00000)
 ParOldGen       total 68608K, used 67273K [0x0000000080000000, 0x0000000084300000, 0x00000000d5580000)
  object space 68608K, 98% used [0x0000000080000000,0x00000000841b24b0,0x0000000084300000)
 Metaspace       used 56043K, committed 57408K, reserved 1114112K
  class space    used 5973K, committed 6528K, reserved 1048576K
}
Event: 103.064 GC heap after
{Heap after GC invocations=47 (full 2):
 PSYoungGen      total 23040K, used 389K [0x00000000d5580000, 0x00000000d7000000, 0x0000000100000000)
  eden space 22016K, 0% used [0x00000000d5580000,0x00000000d5580000,0x00000000d6b00000)
  from space 1024K, 38% used [0x00000000d6e00000,0x00000000d6e61770,0x00000000d6f00000)
  to   space 512K, 0% used [0x00000000d6f80000,0x00000000d6f80000,0x00000000d7000000)
 ParOldGen       total 68608K, used 67353K [0x0000000080000000, 0x0000000084300000, 0x00000000d5580000)
  object space 68608K, 98% used [0x0000000080000000,0x00000000841c64b0,0x0000000084300000)
 Metaspace       used 56043K, committed 57408K, reserved 1114112K
  class space    used 5973K, committed 6528K, reserved 1048576K
}
Event: 103.243 GC heap before
{Heap before GC invocations=48 (full 2):
 PSYoungGen      total 23040K, used 22405K [0x00000000d5580000, 0x00000000d7000000, 0x0000000100000000)
  eden space 22016K, 100% used [0x00000000d5580000,0x00000000d6b00000,0x00000000d6b00000)
  from space 1024K, 38% used [0x00000000d6e00000,0x00000000d6e61770,0x00000000d6f00000)
  to   space 512K, 0% used [0x00000000d6f80000,0x00000000d6f80000,0x00000000d7000000)
 ParOldGen       total 68608K, used 67353K [0x0000000080000000, 0x0000000084300000, 0x00000000d5580000)
  object space 68608K, 98% used [0x0000000080000000,0x00000000841c64b0,0x0000000084300000)
 Metaspace       used 56055K, committed 57408K, reserved 1114112K
  class space    used 5973K, committed 6528K, reserved 1048576K
}
Event: 103.244 GC heap after
{Heap after GC invocations=48 (full 2):
 PSYoungGen      total 22528K, used 490K [0x00000000d5580000, 0x00000000d7000000, 0x0000000100000000)
  eden space 22016K, 0% used [0x00000000d5580000,0x00000000d5580000,0x00000000d6b00000)
  from space 512K, 95% used [0x00000000d6f80000,0x00000000d6ffa898,0x00000000d7000000)
  to   space 1024K, 0% used [0x00000000d6e00000,0x00000000d6e00000,0x00000000d6f00000)
 ParOldGen       total 68608K, used 67441K [0x0000000080000000, 0x0000000084300000, 0x00000000d5580000)
  object space 68608K, 98% used [0x0000000080000000,0x00000000841dc4b0,0x0000000084300000)
 Metaspace       used 56055K, committed 57408K, reserved 1114112K
  class space    used 5973K, committed 6528K, reserved 1048576K
}
Event: 103.375 GC heap before
{Heap before GC invocations=49 (full 2):
 PSYoungGen      total 22528K, used 22506K [0x00000000d5580000, 0x00000000d7000000, 0x0000000100000000)
  eden space 22016K, 100% used [0x00000000d5580000,0x00000000d6b00000,0x00000000d6b00000)
  from space 512K, 95% used [0x00000000d6f80000,0x00000000d6ffa898,0x00000000d7000000)
  to   space 1024K, 0% used [0x00000000d6e00000,0x00000000d6e00000,0x00000000d6f00000)
 ParOldGen       total 68608K, used 67441K [0x0000000080000000, 0x0000000084300000, 0x00000000d5580000)
  object space 68608K, 98% used [0x0000000080000000,0x00000000841dc4b0,0x0000000084300000)
 Metaspace       used 56060K, committed 57408K, reserved 1114112K
  class space    used 5975K, committed 6528K, reserved 1048576K
}
Event: 103.377 GC heap after
{Heap after GC invocations=49 (full 2):
 PSYoungGen      total 23040K, used 784K [0x00000000d5580000, 0x00000000d7000000, 0x0000000100000000)
  eden space 22016K, 0% used [0x00000000d5580000,0x00000000d5580000,0x00000000d6b00000)
  from space 1024K, 76% used [0x00000000d6e00000,0x00000000d6ec41d0,0x00000000d6f00000)
  to   space 1024K, 0% used [0x00000000d6f00000,0x00000000d6f00000,0x00000000d7000000)
 ParOldGen       total 68608K, used 67513K [0x0000000080000000, 0x0000000084300000, 0x00000000d5580000)
  object space 68608K, 98% used [0x0000000080000000,0x00000000841ee4b0,0x0000000084300000)
 Metaspace       used 56060K, committed 57408K, reserved 1114112K
  class space    used 5975K, committed 6528K, reserved 1048576K
}
Event: 103.532 GC heap before
{Heap before GC invocations=50 (full 2):
 PSYoungGen      total 23040K, used 22769K [0x00000000d5580000, 0x00000000d7000000, 0x0000000100000000)
  eden space 22016K, 99% used [0x00000000d5580000,0x00000000d6af84d8,0x00000000d6b00000)
  from space 1024K, 76% used [0x00000000d6e00000,0x00000000d6ec41d0,0x00000000d6f00000)
  to   space 1024K, 0% used [0x00000000d6f00000,0x00000000d6f00000,0x00000000d7000000)
 ParOldGen       total 68608K, used 67513K [0x0000000080000000, 0x0000000084300000, 0x00000000d5580000)
  object space 68608K, 98% used [0x0000000080000000,0x00000000841ee4b0,0x0000000084300000)
 Metaspace       used 56154K, committed 57472K, reserved 1114112K
  class space    used 5987K, committed 6528K, reserved 1048576K
}
Event: 103.533 GC heap after
{Heap after GC invocations=50 (full 2):
 PSYoungGen      total 23040K, used 1001K [0x00000000d5580000, 0x00000000d7000000, 0x0000000100000000)
  eden space 22016K, 0% used [0x00000000d5580000,0x00000000d5580000,0x00000000d6b00000)
  from space 1024K, 97% used [0x00000000d6f00000,0x00000000d6ffa778,0x00000000d7000000)
  to   space 1536K, 0% used [0x00000000d6d00000,0x00000000d6d00000,0x00000000d6e80000)
 ParOldGen       total 68608K, used 67725K [0x0000000080000000, 0x0000000084300000, 0x00000000d5580000)
  object space 68608K, 98% used [0x0000000080000000,0x00000000842236b0,0x0000000084300000)
 Metaspace       used 56154K, committed 57472K, reserved 1114112K
  class space    used 5987K, committed 6528K, reserved 1048576K
}
Event: 103.724 GC heap before
{Heap before GC invocations=51 (full 2):
 PSYoungGen      total 23040K, used 23017K [0x00000000d5580000, 0x00000000d7000000, 0x0000000100000000)
  eden space 22016K, 100% used [0x00000000d5580000,0x00000000d6b00000,0x00000000d6b00000)
  from space 1024K, 97% used [0x00000000d6f00000,0x00000000d6ffa778,0x00000000d7000000)
  to   space 1536K, 0% used [0x00000000d6d00000,0x00000000d6d00000,0x00000000d6e80000)
 ParOldGen       total 68608K, used 67725K [0x0000000080000000, 0x0000000084300000, 0x00000000d5580000)
  object space 68608K, 98% used [0x0000000080000000,0x00000000842236b0,0x0000000084300000)
 Metaspace       used 56159K, committed 57472K, reserved 1114112K
  class space    used 5987K, committed 6528K, reserved 1048576K
}
Event: 103.726 GC heap after
{Heap after GC invocations=51 (full 2):
 PSYoungGen      total 23552K, used 544K [0x00000000d5580000, 0x00000000d6f80000, 0x0000000100000000)
  eden space 22016K, 0% used [0x00000000d5580000,0x00000000d5580000,0x00000000d6b00000)
  from space 1536K, 35% used [0x00000000d6d00000,0x00000000d6d88000,0x00000000d6e80000)
  to   space 1024K, 0% used [0x00000000d6e80000,0x00000000d6e80000,0x00000000d6f80000)
 ParOldGen       total 68608K, used 67813K [0x0000000080000000, 0x0000000084300000, 0x00000000d5580000)
  object space 68608K, 98% used [0x0000000080000000,0x00000000842396b0,0x0000000084300000)
 Metaspace       used 56159K, committed 57472K, reserved 1114112K
  class space    used 5987K, committed 6528K, reserved 1048576K
}
Event: 103.919 GC heap before
{Heap before GC invocations=52 (full 2):
 PSYoungGen      total 23552K, used 22560K [0x00000000d5580000, 0x00000000d6f80000, 0x0000000100000000)
  eden space 22016K, 100% used [0x00000000d5580000,0x00000000d6b00000,0x00000000d6b00000)
  from space 1536K, 35% used [0x00000000d6d00000,0x00000000d6d88000,0x00000000d6e80000)
  to   space 1024K, 0% used [0x00000000d6e80000,0x00000000d6e80000,0x00000000d6f80000)
 ParOldGen       total 68608K, used 67813K [0x0000000080000000, 0x0000000084300000, 0x00000000d5580000)
  object space 68608K, 98% used [0x0000000080000000,0x00000000842396b0,0x0000000084300000)
 Metaspace       used 56187K, committed 57472K, reserved 1114112K
  class space    used 5987K, committed 6528K, reserved 1048576K
}
Event: 103.924 GC heap after
{Heap after GC invocations=52 (full 2):
 PSYoungGen      total 22528K, used 448K [0x00000000d5580000, 0x00000000d6f00000, 0x0000000100000000)
  eden space 22016K, 0% used [0x00000000d5580000,0x00000000d5580000,0x00000000d6b00000)
  from space 512K, 87% used [0x00000000d6e80000,0x00000000d6ef0000,0x00000000d6f00000)
  to   space 1024K, 0% used [0x00000000d6d00000,0x00000000d6d00000,0x00000000d6e00000)
 ParOldGen       total 68608K, used 68245K [0x0000000080000000, 0x0000000084300000, 0x00000000d5580000)
  object space 68608K, 99% used [0x0000000080000000,0x00000000842a56b0,0x0000000084300000)
 Metaspace       used 56187K, committed 57472K, reserved 1114112K
  class space    used 5987K, committed 6528K, reserved 1048576K
}

