# JRE version: Java(TM) SE Runtime Environment (17.0.12+8) (build 17.0.12+8-LTS-286)
# Java VM: Java HotSpot(TM) 64-Bit Server VM (17.0.12+8-LTS-286, mixed mode, sharing, tiered, compressed oops, compressed class ptrs, g1 gc, windows-amd64)
GC Precious Log:
 CPUs: 8 total, 8 available
 Memory: 16259M
 Large Page Support: Disabled
 NUMA Support: Disabled
 Compressed Oops: Enabled (Zero based)
 Heap Region Size: 2M
 Heap Min Capacity: 8M
 Heap Initial Capacity: 256M
 Heap Max Capacity: 4066M
 Pre-touch: Disabled
 Parallel Workers: 8
 Concurrent Workers: 2
 Concurrent Refinement Workers: 8
 Periodic GC: Disabled
Heap:
 garbage-first heap   total 686080K, used 258818K [0x0000000701e00000, 0x0000000800000000)
  region size 2048K, 2 young (4096K), 1 survivors (2048K)
 Metaspace       used 430969K, committed 432896K, reserved 1507328K
  class space    used 38609K, committed 39616K, reserved 1048576K
GC Heap History (20 events):
Event: 102668.823 GC heap before
{Heap before GC invocations=1036 (full 53):
 garbage-first heap   total 686080K, used 609664K [0x0000000701e00000, 0x0000000800000000)
  region size 2048K, 173 young (354304K), 2 survivors (4096K)
 Metaspace       used 430800K, committed 432896K, reserved 1507328K
  class space    used 38584K, committed 39616K, reserved 1048576K
}
Event: 102668.826 GC heap after
{Heap after GC invocations=1037 (full 53):
 garbage-first heap   total 686080K, used 259396K [0x0000000701e00000, 0x0000000800000000)
  region size 2048K, 2 young (4096K), 2 survivors (4096K)
 Metaspace       used 430800K, committed 432896K, reserved 1507328K
  class space    used 38584K, committed 39616K, reserved 1048576K
}
Event: 102727.154 GC heap before
{Heap before GC invocations=1037 (full 53):
 garbage-first heap   total 686080K, used 609604K [0x0000000701e00000, 0x0000000800000000)
  region size 2048K, 173 young (354304K), 2 survivors (4096K)
 Metaspace       used 430800K, committed 432896K, reserved 1507328K
  class space    used 38584K, committed 39616K, reserved 1048576K
}
Event: 102727.161 GC heap after
{Heap after GC invocations=1038 (full 53):
 garbage-first heap   total 686080K, used 258663K [0x0000000701e00000, 0x0000000800000000)
  region size 2048K, 2 young (4096K), 2 survivors (4096K)
 Metaspace       used 430800K, committed 432896K, reserved 1507328K
  class space    used 38584K, committed 39616K, reserved 1048576K
}
Event: 102785.097 GC heap before
{Heap before GC invocations=1039 (full 53):
 garbage-first heap   total 686080K, used 608871K [0x0000000701e00000, 0x0000000800000000)
  region size 2048K, 173 young (354304K), 2 survivors (4096K)
 Metaspace       used 430800K, committed 432896K, reserved 1507328K
  class space    used 38584K, committed 39616K, reserved 1048576K
}
Event: 102785.100 GC heap after
{Heap after GC invocations=1040 (full 53):
 garbage-first heap   total 686080K, used 259333K [0x0000000701e00000, 0x0000000800000000)
  region size 2048K, 2 young (4096K), 2 survivors (4096K)
 Metaspace       used 430800K, committed 432896K, reserved 1507328K
  class space    used 38584K, committed 39616K, reserved 1048576K
}
Event: 102841.791 GC heap before
{Heap before GC invocations=1040 (full 53):
 garbage-first heap   total 686080K, used 609541K [0x0000000701e00000, 0x0000000800000000)
  region size 2048K, 173 young (354304K), 2 survivors (4096K)
 Metaspace       used 430819K, committed 432896K, reserved 1507328K
  class space    used 38586K, committed 39616K, reserved 1048576K
}
Event: 102841.794 GC heap after
{Heap after GC invocations=1041 (full 53):
 garbage-first heap   total 686080K, used 258640K [0x0000000701e00000, 0x0000000800000000)
  region size 2048K, 2 young (4096K), 2 survivors (4096K)
 Metaspace       used 430819K, committed 432896K, reserved 1507328K
  class space    used 38586K, committed 39616K, reserved 1048576K
}
Event: 102899.494 GC heap before
{Heap before GC invocations=1042 (full 53):
 garbage-first heap   total 686080K, used 608848K [0x0000000701e00000, 0x0000000800000000)
  region size 2048K, 173 young (354304K), 2 survivors (4096K)
 Metaspace       used 430819K, committed 432896K, reserved 1507328K
  class space    used 38586K, committed 39616K, reserved 1048576K
}
Event: 102899.497 GC heap after
{Heap after GC invocations=1043 (full 53):
 garbage-first heap   total 686080K, used 258671K [0x0000000701e00000, 0x0000000800000000)
  region size 2048K, 2 young (4096K), 2 survivors (4096K)
 Metaspace       used 430819K, committed 432896K, reserved 1507328K
  class space    used 38586K, committed 39616K, reserved 1048576K
}
Event: 102957.442 GC heap before
{Heap before GC invocations=1043 (full 53):
 garbage-first heap   total 686080K, used 608879K [0x0000000701e00000, 0x0000000800000000)
  region size 2048K, 173 young (354304K), 2 survivors (4096K)
 Metaspace       used 430819K, committed 432896K, reserved 1507328K
  class space    used 38586K, committed 39616K, reserved 1048576K
}
Event: 102957.446 GC heap after
{Heap after GC invocations=1044 (full 53):
 garbage-first heap   total 686080K, used 258966K [0x0000000701e00000, 0x0000000800000000)
  region size 2048K, 2 young (4096K), 2 survivors (4096K)
 Metaspace       used 430819K, committed 432896K, reserved 1507328K
  class space    used 38586K, committed 39616K, reserved 1048576K
}
Event: 102994.057 GC heap before
{Heap before GC invocations=1045 (full 53):
 garbage-first heap   total 686080K, used 609174K [0x0000000701e00000, 0x0000000800000000)
  region size 2048K, 173 young (354304K), 2 survivors (4096K)
 Metaspace       used 430930K, committed 432896K, reserved 1507328K
  class space    used 38602K, committed 39616K, reserved 1048576K
}
Event: 102994.085 GC heap after
{Heap after GC invocations=1046 (full 53):
 garbage-first heap   total 686080K, used 259097K [0x0000000701e00000, 0x0000000800000000)
  region size 2048K, 2 young (4096K), 2 survivors (4096K)
 Metaspace       used 430930K, committed 432896K, reserved 1507328K
  class space    used 38602K, committed 39616K, reserved 1048576K
}
Event: 103032.761 GC heap before
{Heap before GC invocations=1046 (full 53):
 garbage-first heap   total 686080K, used 609305K [0x0000000701e00000, 0x0000000800000000)
  region size 2048K, 173 young (354304K), 2 survivors (4096K)
 Metaspace       used 430969K, committed 432896K, reserved 1507328K
  class space    used 38609K, committed 39616K, reserved 1048576K
}
Event: 103032.832 GC heap after
{Heap after GC invocations=1047 (full 53):
 garbage-first heap   total 686080K, used 259280K [0x0000000701e00000, 0x0000000800000000)
  region size 2048K, 2 young (4096K), 2 survivors (4096K)
 Metaspace       used 430969K, committed 432896K, reserved 1507328K
  class space    used 38609K, committed 39616K, reserved 1048576K
}
Event: 103091.240 GC heap before
{Heap before GC invocations=1048 (full 53):
 garbage-first heap   total 686080K, used 609488K [0x0000000701e00000, 0x0000000800000000)
  region size 2048K, 173 young (354304K), 2 survivors (4096K)
 Metaspace       used 430969K, committed 432896K, reserved 1507328K
  class space    used 38609K, committed 39616K, reserved 1048576K
}
Event: 103091.297 GC heap after
{Heap after GC invocations=1049 (full 53):
 garbage-first heap   total 686080K, used 259090K [0x0000000701e00000, 0x0000000800000000)
  region size 2048K, 2 young (4096K), 2 survivors (4096K)
 Metaspace       used 430969K, committed 432896K, reserved 1507328K
  class space    used 38609K, committed 39616K, reserved 1048576K
}
Event: 103149.518 GC heap before
{Heap before GC invocations=1049 (full 53):
 garbage-first heap   total 686080K, used 609298K [0x0000000701e00000, 0x0000000800000000)
  region size 2048K, 173 young (354304K), 2 survivors (4096K)
 Metaspace       used 430969K, committed 432896K, reserved 1507328K
  class space    used 38609K, committed 39616K, reserved 1048576K
}
Event: 103149.545 GC heap after
{Heap after GC invocations=1050 (full 53):
 garbage-first heap   total 686080K, used 258818K [0x0000000701e00000, 0x0000000800000000)
  region size 2048K, 1 young (2048K), 1 survivors (2048K)
 Metaspace       used 430969K, committed 432896K, reserved 1507328K
  class space    used 38609K, committed 39616K, reserved 1048576K
}

