# JRE version: Java(TM) SE Runtime Environment (17.0.12+8) (build 17.0.12+8-LTS-286)
# Java VM: Java HotSpot(TM) 64-Bit Server VM (17.0.12+8-LTS-286, mixed mode, sharing, tiered, compressed oops, compressed class ptrs, g1 gc, windows-amd64)
GC Precious Log:
 CPUs: 8 total, 8 available
 Memory: 16259M
 Large Page Support: Disabled
 NUMA Support: Disabled
 Compressed Oops: Enabled (Zero based)
 Heap Region Size: 2M
 Heap Min Capacity: 8M
 Heap Initial Capacity: 256M
 Heap Max Capacity: 4066M
 Pre-touch: Disabled
 Parallel Workers: 8
 Concurrent Workers: 2
 Concurrent Refinement Workers: 8
 Periodic GC: Disabled
Heap:
 garbage-first heap   total 589824K, used 442546K [0x0000000701e00000, 0x0000000800000000)
  region size 2048K, 179 young (366592K), 18 survivors (36864K)
 Metaspace       used 166703K, committed 167872K, reserved 1245184K
  class space    used 17987K, committed 18560K, reserved 1048576K
GC Heap History (20 events):
Event: 70855.928 GC heap after
{Heap after GC invocations=308 (full 5):
 garbage-first heap   total 1472512K, used 102871K [0x0000000701e00000, 0x0000000800000000)
  region size 2048K, 8 young (16384K), 8 survivors (16384K)
 Metaspace       used 149911K, committed 160704K, reserved 1245184K
  class space    used 16714K, committed 18368K, reserved 1048576K
}
Event: 70860.213 GC heap before
{Heap before GC invocations=308 (full 5):
 garbage-first heap   total 1472512K, used 365015K [0x0000000701e00000, 0x0000000800000000)
  region size 2048K, 136 young (278528K), 8 survivors (16384K)
 Metaspace       used 151736K, committed 160704K, reserved 1245184K
  class space    used 16837K, committed 18368K, reserved 1048576K
}
Event: 70860.435 GC heap after
{Heap after GC invocations=309 (full 5):
 garbage-first heap   total 1472512K, used 116209K [0x0000000701e00000, 0x0000000800000000)
  region size 2048K, 14 young (28672K), 14 survivors (28672K)
 Metaspace       used 151736K, committed 160704K, reserved 1245184K
  class space    used 16837K, committed 18368K, reserved 1048576K
}
Event: 70862.709 GC heap before
{Heap before GC invocations=309 (full 5):
 garbage-first heap   total 1472512K, used 321009K [0x0000000701e00000, 0x0000000800000000)
  region size 2048K, 114 young (233472K), 14 survivors (28672K)
 Metaspace       used 153874K, committed 160704K, reserved 1245184K
  class space    used 16979K, committed 18368K, reserved 1048576K
}
Event: 70862.980 GC heap after
{Heap after GC invocations=310 (full 5):
 garbage-first heap   total 1472512K, used 126098K [0x0000000701e00000, 0x0000000800000000)
  region size 2048K, 13 young (26624K), 13 survivors (26624K)
 Metaspace       used 153874K, committed 160704K, reserved 1245184K
  class space    used 16979K, committed 18368K, reserved 1048576K
}
Event: 70863.696 GC heap before
{Heap before GC invocations=310 (full 5):
 garbage-first heap   total 1472512K, used 171154K [0x0000000701e00000, 0x0000000800000000)
  region size 2048K, 35 young (71680K), 13 survivors (26624K)
 Metaspace       used 154303K, committed 160704K, reserved 1245184K
  class space    used 17005K, committed 18368K, reserved 1048576K
}
Event: 70863.868 GC heap after
{Heap after GC invocations=311 (full 5):
 garbage-first heap   total 1472512K, used 127653K [0x0000000701e00000, 0x0000000800000000)
  region size 2048K, 2 young (4096K), 2 survivors (4096K)
 Metaspace       used 154303K, committed 160704K, reserved 1245184K
  class space    used 17005K, committed 18368K, reserved 1048576K
}
Event: 70907.250 GC heap before
{Heap before GC invocations=311 (full 5):
 garbage-first heap   total 1472512K, used 823973K [0x0000000701e00000, 0x0000000800000000)
  region size 2048K, 342 young (700416K), 2 survivors (4096K)
 Metaspace       used 157746K, committed 160704K, reserved 1245184K
  class space    used 17230K, committed 18368K, reserved 1048576K
}
Event: 70907.416 GC heap after
{Heap after GC invocations=312 (full 5):
 garbage-first heap   total 1472512K, used 141178K [0x0000000701e00000, 0x0000000800000000)
  region size 2048K, 9 young (18432K), 9 survivors (18432K)
 Metaspace       used 157746K, committed 160704K, reserved 1245184K
  class space    used 17230K, committed 18368K, reserved 1048576K
}
Event: 70924.242 GC heap before
{Heap before GC invocations=312 (full 5):
 garbage-first heap   total 1472512K, used 223098K [0x0000000701e00000, 0x0000000800000000)
  region size 2048K, 50 young (102400K), 9 survivors (18432K)
 Metaspace       used 157751K, committed 160704K, reserved 1245184K
  class space    used 17230K, committed 18368K, reserved 1048576K
}
Event: 70924.491 GC heap after
{Heap after GC invocations=313 (full 6):
 garbage-first heap   total 294912K, used 77730K [0x0000000701e00000, 0x0000000800000000)
  region size 2048K, 0 young (0K), 0 survivors (0K)
 Metaspace       used 157311K, committed 160704K, reserved 1245184K
  class space    used 17160K, committed 18368K, reserved 1048576K
}
Event: 70928.245 GC heap before
{Heap before GC invocations=313 (full 6):
 garbage-first heap   total 294912K, used 239522K [0x0000000701e00000, 0x0000000800000000)
  region size 2048K, 79 young (161792K), 0 survivors (0K)
 Metaspace       used 160589K, committed 161984K, reserved 1245184K
  class space    used 17495K, committed 18368K, reserved 1048576K
}
Event: 70928.376 GC heap after
{Heap after GC invocations=314 (full 6):
 garbage-first heap   total 294912K, used 92886K [0x0000000701e00000, 0x0000000800000000)
  region size 2048K, 8 young (16384K), 8 survivors (16384K)
 Metaspace       used 160589K, committed 161984K, reserved 1245184K
  class space    used 17495K, committed 18368K, reserved 1048576K
}
Event: 70934.402 GC heap before
{Heap before GC invocations=315 (full 6):
 garbage-first heap   total 294912K, used 232150K [0x0000000701e00000, 0x0000000800000000)
  region size 2048K, 76 young (155648K), 8 survivors (16384K)
 Metaspace       used 160975K, committed 162368K, reserved 1245184K
  class space    used 17532K, committed 18368K, reserved 1048576K
}
Event: 70934.494 GC heap after
{Heap after GC invocations=316 (full 6):
 garbage-first heap   total 589824K, used 97814K [0x0000000701e00000, 0x0000000800000000)
  region size 2048K, 4 young (8192K), 4 survivors (8192K)
 Metaspace       used 160975K, committed 162368K, reserved 1245184K
  class space    used 17532K, committed 18368K, reserved 1048576K
}
Event: 70936.935 GC heap before
{Heap before GC invocations=316 (full 6):
 garbage-first heap   total 589824K, used 441878K [0x0000000701e00000, 0x0000000800000000)
  region size 2048K, 172 young (352256K), 4 survivors (8192K)
 Metaspace       used 161359K, committed 162752K, reserved 1245184K
  class space    used 17578K, committed 18368K, reserved 1048576K
}
Event: 70936.962 GC heap after
{Heap after GC invocations=317 (full 6):
 garbage-first heap   total 589824K, used 102445K [0x0000000701e00000, 0x0000000800000000)
  region size 2048K, 6 young (12288K), 6 survivors (12288K)
 Metaspace       used 161359K, committed 162752K, reserved 1245184K
  class space    used 17578K, committed 18368K, reserved 1048576K
}
Event: 70938.795 GC heap before
{Heap before GC invocations=317 (full 6):
 garbage-first heap   total 589824K, used 442413K [0x0000000701e00000, 0x0000000800000000)
  region size 2048K, 172 young (352256K), 6 survivors (12288K)
 Metaspace       used 163340K, committed 164544K, reserved 1245184K
  class space    used 17766K, committed 18368K, reserved 1048576K
}
Event: 70938.827 GC heap after
{Heap after GC invocations=318 (full 6):
 garbage-first heap   total 589824K, used 112818K [0x0000000701e00000, 0x0000000800000000)
  region size 2048K, 11 young (22528K), 11 survivors (22528K)
 Metaspace       used 163340K, committed 164544K, reserved 1245184K
  class space    used 17766K, committed 18368K, reserved 1048576K
}
Event: 70941.139 GC heap before
{Heap before GC invocations=318 (full 6):
 garbage-first heap   total 589824K, used 442546K [0x0000000701e00000, 0x0000000800000000)
  region size 2048K, 172 young (352256K), 11 survivors (22528K)
 Metaspace       used 166703K, committed 167872K, reserved 1245184K
  class space    used 17987K, committed 18560K, reserved 1048576K
}

