# JRE version: OpenJDK Runtime Environment Temurin-21.0.9+10 (21.0.9+10) (build 21.0.9+10-LTS)
# Java VM: OpenJDK 64-Bit Server VM Temurin-21.0.9+10 (21.0.9+10-LTS, mixed mode, sharing, tiered, compressed oops, compressed class ptrs, parallel gc, windows-amd64)
GC Precious Log:
 CardTable entry size: 512
 CPUs: 8 total, 8 available
 Memory: 16259M
 Large Page Support: Disabled
 NUMA Support: Disabled
 Compressed Oops: Enabled (32-bit)
 Alignments: Space 512K, Generation 512K, Heap 2M
 Heap Min Capacity: 100M
 Heap Initial Capacity: 100M
 Heap Max Capacity: 2G
 Pre-touch: Disabled
 Parallel Workers: 8
Heap:
 PSYoungGen      total 10240K, used 9856K [0x00000000d5580000, 0x00000000d6400000, 0x0000000100000000)
  eden space 9216K, 100% used [0x00000000d5580000,0x00000000d5e80000,0x00000000d5e80000)
  from space 1024K, 62% used [0x00000000d5f80000,0x00000000d6020000,0x00000000d6080000)
  to   space 1536K, 0% used [0x00000000d6280000,0x00000000d6280000,0x00000000d6400000)
 ParOldGen       total 1395712K, used 1395699K [0x0000000080000000, 0x00000000d5300000, 0x00000000d5580000)
  object space 1395712K, 99% used [0x0000000080000000,0x00000000d52fcc30,0x00000000d5300000)
 Metaspace       used 85605K, committed 87360K, reserved 1179648K
  class space    used 8553K, committed 9344K, reserved 1048576K
GC Heap History (20 events):
Event: 3780.286 GC heap after
{Heap after GC invocations=3297 (full 14):
 PSYoungGen      total 11776K, used 1152K [0x00000000d5580000, 0x00000000d6600000, 0x0000000100000000)
  eden space 10240K, 0% used [0x00000000d5580000,0x00000000d5580000,0x00000000d5f80000)
  from space 1536K, 75% used [0x00000000d6480000,0x00000000d65a0000,0x00000000d6600000)
  to   space 2560K, 0% used [0x00000000d6100000,0x00000000d6100000,0x00000000d6380000)
 ParOldGen       total 1379840K, used 1379415K [0x0000000080000000, 0x00000000d4380000, 0x00000000d5580000)
  object space 1379840K, 99% used [0x0000000080000000,0x00000000d4315c90,0x00000000d4380000)
 Metaspace       used 85587K, committed 87296K, reserved 1179648K
  class space    used 8551K, committed 9344K, reserved 1048576K
}
Event: 3780.355 GC heap before
{Heap before GC invocations=3298 (full 14):
 PSYoungGen      total 11776K, used 11392K [0x00000000d5580000, 0x00000000d6600000, 0x0000000100000000)
  eden space 10240K, 100% used [0x00000000d5580000,0x00000000d5f80000,0x00000000d5f80000)
  from space 1536K, 75% used [0x00000000d6480000,0x00000000d65a0000,0x00000000d6600000)
  to   space 2560K, 0% used [0x00000000d6100000,0x00000000d6100000,0x00000000d6380000)
 ParOldGen       total 1379840K, used 1379415K [0x0000000080000000, 0x00000000d4380000, 0x00000000d5580000)
  object space 1379840K, 99% used [0x0000000080000000,0x00000000d4315c90,0x00000000d4380000)
 Metaspace       used 85594K, committed 87360K, reserved 1179648K
  class space    used 8551K, committed 9344K, reserved 1048576K
}
Event: 3780.362 GC heap after
{Heap after GC invocations=3298 (full 14):
 PSYoungGen      total 11776K, used 1472K [0x00000000d5580000, 0x00000000d6500000, 0x0000000100000000)
  eden space 10240K, 0% used [0x00000000d5580000,0x00000000d5580000,0x00000000d5f80000)
  from space 1536K, 95% used [0x00000000d6100000,0x00000000d6270000,0x00000000d6280000)
  to   space 2048K, 0% used [0x00000000d6300000,0x00000000d6300000,0x00000000d6500000)
 ParOldGen       total 1380864K, used 1380467K [0x0000000080000000, 0x00000000d4480000, 0x00000000d5580000)
  object space 1380864K, 99% used [0x0000000080000000,0x00000000d441ccc0,0x00000000d4480000)
 Metaspace       used 85594K, committed 87360K, reserved 1179648K
  class space    used 8551K, committed 9344K, reserved 1048576K
}
Event: 3780.412 GC heap before
{Heap before GC invocations=3299 (full 14):
 PSYoungGen      total 11776K, used 11712K [0x00000000d5580000, 0x00000000d6500000, 0x0000000100000000)
  eden space 10240K, 100% used [0x00000000d5580000,0x00000000d5f80000,0x00000000d5f80000)
  from space 1536K, 95% used [0x00000000d6100000,0x00000000d6270000,0x00000000d6280000)
  to   space 2048K, 0% used [0x00000000d6300000,0x00000000d6300000,0x00000000d6500000)
 ParOldGen       total 1380864K, used 1380467K [0x0000000080000000, 0x00000000d4480000, 0x00000000d5580000)
  object space 1380864K, 99% used [0x0000000080000000,0x00000000d441ccc0,0x00000000d4480000)
 Metaspace       used 85595K, committed 87360K, reserved 1179648K
  class space    used 8551K, committed 9344K, reserved 1048576K
}
Event: 3780.419 GC heap after
{Heap after GC invocations=3299 (full 14):
 PSYoungGen      total 11264K, used 2016K [0x00000000d5580000, 0x00000000d6880000, 0x0000000100000000)
  eden space 9216K, 0% used [0x00000000d5580000,0x00000000d5580000,0x00000000d5e80000)
  from space 2048K, 98% used [0x00000000d6300000,0x00000000d64f8010,0x00000000d6500000)
  to   space 4608K, 0% used [0x00000000d5e80000,0x00000000d5e80000,0x00000000d6300000)
 ParOldGen       total 1382400K, used 1382368K [0x0000000080000000, 0x00000000d4600000, 0x00000000d5580000)
  object space 1382400K, 99% used [0x0000000080000000,0x00000000d45f8010,0x00000000d4600000)
 Metaspace       used 85595K, committed 87360K, reserved 1179648K
  class space    used 8551K, committed 9344K, reserved 1048576K
}
Event: 3780.445 GC heap before
{Heap before GC invocations=3300 (full 14):
 PSYoungGen      total 11264K, used 11232K [0x00000000d5580000, 0x00000000d6880000, 0x0000000100000000)
  eden space 9216K, 100% used [0x00000000d5580000,0x00000000d5e80000,0x00000000d5e80000)
  from space 2048K, 98% used [0x00000000d6300000,0x00000000d64f8010,0x00000000d6500000)
  to   space 4608K, 0% used [0x00000000d5e80000,0x00000000d5e80000,0x00000000d6300000)
 ParOldGen       total 1382400K, used 1382368K [0x0000000080000000, 0x00000000d4600000, 0x00000000d5580000)
  object space 1382400K, 99% used [0x0000000080000000,0x00000000d45f8010,0x00000000d4600000)
 Metaspace       used 85595K, committed 87360K, reserved 1179648K
  class space    used 8551K, committed 9344K, reserved 1048576K
}
Event: 3780.452 GC heap after
{Heap after GC invocations=3300 (full 14):
 PSYoungGen      total 10240K, used 896K [0x00000000d5580000, 0x00000000d6380000, 0x0000000100000000)
  eden space 9216K, 0% used [0x00000000d5580000,0x00000000d5580000,0x00000000d5e80000)
  from space 1024K, 87% used [0x00000000d5e80000,0x00000000d5f60020,0x00000000d5f80000)
  to   space 2048K, 0% used [0x00000000d6180000,0x00000000d6180000,0x00000000d6380000)
 ParOldGen       total 1384448K, used 1384354K [0x0000000080000000, 0x00000000d4800000, 0x00000000d5580000)
  object space 1384448K, 99% used [0x0000000080000000,0x00000000d47e8b88,0x00000000d4800000)
 Metaspace       used 85595K, committed 87360K, reserved 1179648K
  class space    used 8551K, committed 9344K, reserved 1048576K
}
Event: 3780.492 GC heap before
{Heap before GC invocations=3301 (full 14):
 PSYoungGen      total 10240K, used 10112K [0x00000000d5580000, 0x00000000d6380000, 0x0000000100000000)
  eden space 9216K, 100% used [0x00000000d5580000,0x00000000d5e80000,0x00000000d5e80000)
  from space 1024K, 87% used [0x00000000d5e80000,0x00000000d5f60020,0x00000000d5f80000)
  to   space 2048K, 0% used [0x00000000d6180000,0x00000000d6180000,0x00000000d6380000)
 ParOldGen       total 1384448K, used 1384354K [0x0000000080000000, 0x00000000d4800000, 0x00000000d5580000)
  object space 1384448K, 99% used [0x0000000080000000,0x00000000d47e8b88,0x00000000d4800000)
 Metaspace       used 85595K, committed 87360K, reserved 1179648K
  class space    used 8551K, committed 9344K, reserved 1048576K
}
Event: 3780.499 GC heap after
{Heap after GC invocations=3301 (full 14):
 PSYoungGen      total 10752K, used 1472K [0x00000000d5580000, 0x00000000d6300000, 0x0000000100000000)
  eden space 9216K, 0% used [0x00000000d5580000,0x00000000d5580000,0x00000000d5e80000)
  from space 1536K, 95% used [0x00000000d6180000,0x00000000d62f0020,0x00000000d6300000)
  to   space 2048K, 0% used [0x00000000d5f00000,0x00000000d5f00000,0x00000000d6100000)
 ParOldGen       total 1385472K, used 1385154K [0x0000000080000000, 0x00000000d4900000, 0x00000000d5580000)
  object space 1385472K, 99% used [0x0000000080000000,0x00000000d48b0b88,0x00000000d4900000)
 Metaspace       used 85595K, committed 87360K, reserved 1179648K
  class space    used 8551K, committed 9344K, reserved 1048576K
}
Event: 3780.523 GC heap before
{Heap before GC invocations=3302 (full 14):
 PSYoungGen      total 10752K, used 10688K [0x00000000d5580000, 0x00000000d6300000, 0x0000000100000000)
  eden space 9216K, 100% used [0x00000000d5580000,0x00000000d5e80000,0x00000000d5e80000)
  from space 1536K, 95% used [0x00000000d6180000,0x00000000d62f0020,0x00000000d6300000)
  to   space 2048K, 0% used [0x00000000d5f00000,0x00000000d5f00000,0x00000000d6100000)
 ParOldGen       total 1385472K, used 1385154K [0x0000000080000000, 0x00000000d4900000, 0x00000000d5580000)
  object space 1385472K, 99% used [0x0000000080000000,0x00000000d48b0b88,0x00000000d4900000)
 Metaspace       used 85595K, committed 87360K, reserved 1179648K
  class space    used 8551K, committed 9344K, reserved 1048576K
}
Event: 3780.531 GC heap after
{Heap after GC invocations=3302 (full 14):
 PSYoungGen      total 11264K, used 2016K [0x00000000d5580000, 0x00000000d6780000, 0x0000000100000000)
  eden space 9216K, 0% used [0x00000000d5580000,0x00000000d5580000,0x00000000d5e80000)
  from space 2048K, 98% used [0x00000000d5f00000,0x00000000d60f8010,0x00000000d6100000)
  to   space 4608K, 0% used [0x00000000d6300000,0x00000000d6300000,0x00000000d6780000)
 ParOldGen       total 1387008K, used 1386842K [0x0000000080000000, 0x00000000d4a80000, 0x00000000d5580000)
  object space 1387008K, 99% used [0x0000000080000000,0x00000000d4a569e8,0x00000000d4a80000)
 Metaspace       used 85595K, committed 87360K, reserved 1179648K
  class space    used 8551K, committed 9344K, reserved 1048576K
}
Event: 3780.604 GC heap before
{Heap before GC invocations=3303 (full 14):
 PSYoungGen      total 11264K, used 11232K [0x00000000d5580000, 0x00000000d6780000, 0x0000000100000000)
  eden space 9216K, 100% used [0x00000000d5580000,0x00000000d5e80000,0x00000000d5e80000)
  from space 2048K, 98% used [0x00000000d5f00000,0x00000000d60f8010,0x00000000d6100000)
  to   space 4608K, 0% used [0x00000000d6300000,0x00000000d6300000,0x00000000d6780000)
 ParOldGen       total 1387008K, used 1386842K [0x0000000080000000, 0x00000000d4a80000, 0x00000000d5580000)
  object space 1387008K, 99% used [0x0000000080000000,0x00000000d4a569e8,0x00000000d4a80000)
 Metaspace       used 85596K, committed 87360K, reserved 1179648K
  class space    used 8551K, committed 9344K, reserved 1048576K
}
Event: 3780.615 GC heap after
{Heap after GC invocations=3303 (full 14):
 PSYoungGen      total 10752K, used 1504K [0x00000000d5580000, 0x00000000d6480000, 0x0000000100000000)
  eden space 9216K, 0% used [0x00000000d5580000,0x00000000d5580000,0x00000000d5e80000)
  from space 1536K, 97% used [0x00000000d6300000,0x00000000d6478000,0x00000000d6480000)
  to   space 2560K, 0% used [0x00000000d5f80000,0x00000000d5f80000,0x00000000d6200000)
 ParOldGen       total 1389056K, used 1388770K [0x0000000080000000, 0x00000000d4c80000, 0x00000000d5580000)
  object space 1389056K, 99% used [0x0000000080000000,0x00000000d4c389f8,0x00000000d4c80000)
 Metaspace       used 85596K, committed 87360K, reserved 1179648K
  class space    used 8551K, committed 9344K, reserved 1048576K
}
Event: 3780.646 GC heap before
{Heap before GC invocations=3304 (full 14):
 PSYoungGen      total 10752K, used 10719K [0x00000000d5580000, 0x00000000d6480000, 0x0000000100000000)
  eden space 9216K, 99% used [0x00000000d5580000,0x00000000d5e7ffc0,0x00000000d5e80000)
  from space 1536K, 97% used [0x00000000d6300000,0x00000000d6478000,0x00000000d6480000)
  to   space 2560K, 0% used [0x00000000d5f80000,0x00000000d5f80000,0x00000000d6200000)
 ParOldGen       total 1389056K, used 1388770K [0x0000000080000000, 0x00000000d4c80000, 0x00000000d5580000)
  object space 1389056K, 99% used [0x0000000080000000,0x00000000d4c389f8,0x00000000d4c80000)
 Metaspace       used 85603K, committed 87360K, reserved 1179648K
  class space    used 8553K, committed 9344K, reserved 1048576K
}
Event: 3780.652 GC heap after
{Heap after GC invocations=3304 (full 14):
 PSYoungGen      total 11776K, used 2528K [0x00000000d5580000, 0x00000000d6880000, 0x0000000100000000)
  eden space 9216K, 0% used [0x00000000d5580000,0x00000000d5580000,0x00000000d5e80000)
  from space 2560K, 98% used [0x00000000d5f80000,0x00000000d61f8010,0x00000000d6200000)
  to   space 5120K, 0% used [0x00000000d6380000,0x00000000d6380000,0x00000000d6880000)
 ParOldGen       total 1390592K, used 1390398K [0x0000000080000000, 0x00000000d4e00000, 0x00000000d5580000)
  object space 1390592K, 99% used [0x0000000080000000,0x00000000d4dcfab0,0x00000000d4e00000)
 Metaspace       used 85603K, committed 87360K, reserved 1179648K
  class space    used 8553K, committed 9344K, reserved 1048576K
}
Event: 3780.678 GC heap before
{Heap before GC invocations=3305 (full 14):
 PSYoungGen      total 11776K, used 11744K [0x00000000d5580000, 0x00000000d6880000, 0x0000000100000000)
  eden space 9216K, 100% used [0x00000000d5580000,0x00000000d5e80000,0x00000000d5e80000)
  from space 2560K, 98% used [0x00000000d5f80000,0x00000000d61f8010,0x00000000d6200000)
  to   space 5120K, 0% used [0x00000000d6380000,0x00000000d6380000,0x00000000d6880000)
 ParOldGen       total 1390592K, used 1390398K [0x0000000080000000, 0x00000000d4e00000, 0x00000000d5580000)
  object space 1390592K, 99% used [0x0000000080000000,0x00000000d4dcfab0,0x00000000d4e00000)
 Metaspace       used 85604K, committed 87360K, reserved 1179648K
  class space    used 8553K, committed 9344K, reserved 1048576K
}
Event: 3780.689 GC heap after
{Heap after GC invocations=3305 (full 14):
 PSYoungGen      total 12288K, used 2848K [0x00000000d5580000, 0x00000000d6680000, 0x0000000100000000)
  eden space 9216K, 0% used [0x00000000d5580000,0x00000000d5580000,0x00000000d5e80000)
  from space 3072K, 92% used [0x00000000d6380000,0x00000000d6648010,0x00000000d6680000)
  to   space 3584K, 0% used [0x00000000d5f80000,0x00000000d5f80000,0x00000000d6300000)
 ParOldGen       total 1393152K, used 1392962K [0x0000000080000000, 0x00000000d5080000, 0x00000000d5580000)
  object space 1393152K, 99% used [0x0000000080000000,0x00000000d5050910,0x00000000d5080000)
 Metaspace       used 85604K, committed 87360K, reserved 1179648K
  class space    used 8553K, committed 9344K, reserved 1048576K
}
Event: 3780.743 GC heap before
{Heap before GC invocations=3306 (full 14):
 PSYoungGen      total 12288K, used 12064K [0x00000000d5580000, 0x00000000d6680000, 0x0000000100000000)
  eden space 9216K, 100% used [0x00000000d5580000,0x00000000d5e80000,0x00000000d5e80000)
  from space 3072K, 92% used [0x00000000d6380000,0x00000000d6648010,0x00000000d6680000)
  to   space 3584K, 0% used [0x00000000d5f80000,0x00000000d5f80000,0x00000000d6300000)
 ParOldGen       total 1393152K, used 1392962K [0x0000000080000000, 0x00000000d5080000, 0x00000000d5580000)
  object space 1393152K, 99% used [0x0000000080000000,0x00000000d5050910,0x00000000d5080000)
 Metaspace       used 85604K, committed 87360K, reserved 1179648K
  class space    used 8553K, committed 9344K, reserved 1048576K
}
Event: 3780.752 GC heap after
{Heap after GC invocations=3306 (full 14):
 PSYoungGen      total 10240K, used 640K [0x00000000d5580000, 0x00000000d6400000, 0x0000000100000000)
  eden space 9216K, 0% used [0x00000000d5580000,0x00000000d5580000,0x00000000d5e80000)
  from space 1024K, 62% used [0x00000000d5f80000,0x00000000d6020000,0x00000000d6080000)
  to   space 1536K, 0% used [0x00000000d6280000,0x00000000d6280000,0x00000000d6400000)
 ParOldGen       total 1395712K, used 1395699K [0x0000000080000000, 0x00000000d5300000, 0x00000000d5580000)
  object space 1395712K, 99% used [0x0000000080000000,0x00000000d52fcc30,0x00000000d5300000)
 Metaspace       used 85604K, committed 87360K, reserved 1179648K
  class space    used 8553K, committed 9344K, reserved 1048576K
}
Event: 3780.781 GC heap before
{Heap before GC invocations=3307 (full 15):
 PSYoungGen      total 10240K, used 9856K [0x00000000d5580000, 0x00000000d6400000, 0x0000000100000000)
  eden space 9216K, 100% used [0x00000000d5580000,0x00000000d5e80000,0x00000000d5e80000)
  from space 1024K, 62% used [0x00000000d5f80000,0x00000000d6020000,0x00000000d6080000)
  to   space 1536K, 0% used [0x00000000d6280000,0x00000000d6280000,0x00000000d6400000)
 ParOldGen       total 1395712K, used 1395699K [0x0000000080000000, 0x00000000d5300000, 0x00000000d5580000)
  object space 1395712K, 99% used [0x0000000080000000,0x00000000d52fcc30,0x00000000d5300000)
 Metaspace       used 85605K, committed 87360K, reserved 1179648K
  class space    used 8553K, committed 9344K, reserved 1048576K
}

