# JRE version: Java(TM) SE Runtime Environment (17.0.12+8) (build 17.0.12+8-LTS-286)
# Java VM: Java HotSpot(TM) 64-Bit Server VM (17.0.12+8-LTS-286, mixed mode, sharing, tiered, compressed oops, compressed class ptrs, g1 gc, windows-amd64)
GC Precious Log:
 CPUs: 8 total, 8 available
 Memory: 16259M
 Large Page Support: Disabled
 NUMA Support: Disabled
 Compressed Oops: Enabled (Zero based)
 Heap Region Size: 2M
 Heap Min Capacity: 8M
 Heap Initial Capacity: 256M
 Heap Max Capacity: 4066M
 Pre-touch: Disabled
 Parallel Workers: 8
 Concurrent Workers: 2
 Concurrent Refinement Workers: 8
 Periodic GC: Disabled
Heap:
 garbage-first heap   total 294912K, used 243342K [0x0000000701e00000, 0x0000000800000000)
  region size 2048K, 64 young (131072K), 6 survivors (12288K)
 Metaspace       used 30212K, committed 30528K, reserved 1114112K
  class space    used 3338K, committed 3456K, reserved 1048576K
GC Heap History (20 events):
Event: 35.681 GC heap after
{Heap after GC invocations=20 (full 0):
 garbage-first heap   total 245760K, used 93081K [0x0000000701e00000, 0x0000000800000000)
  region size 2048K, 3 young (6144K), 3 survivors (6144K)
 Metaspace       used 27495K, committed 27776K, reserved 1114112K
  class space    used 3059K, committed 3200K, reserved 1048576K
}
Event: 39.233 GC heap before
{Heap before GC invocations=20 (full 0):
 garbage-first heap   total 245760K, used 181145K [0x0000000701e00000, 0x0000000800000000)
  region size 2048K, 46 young (94208K), 3 survivors (6144K)
 Metaspace       used 29293K, committed 29632K, reserved 1114112K
  class space    used 3253K, committed 3392K, reserved 1048576K
}
Event: 39.247 GC heap after
{Heap after GC invocations=21 (full 0):
 garbage-first heap   total 245760K, used 94735K [0x0000000701e00000, 0x0000000800000000)
  region size 2048K, 4 young (8192K), 4 survivors (8192K)
 Metaspace       used 29293K, committed 29632K, reserved 1114112K
  class space    used 3253K, committed 3392K, reserved 1048576K
}
Event: 41.532 GC heap before
{Heap before GC invocations=21 (full 0):
 garbage-first heap   total 245760K, used 186895K [0x0000000701e00000, 0x0000000800000000)
  region size 2048K, 49 young (100352K), 4 survivors (8192K)
 Metaspace       used 29499K, committed 29760K, reserved 1114112K
  class space    used 3275K, committed 3392K, reserved 1048576K
}
Event: 41.551 GC heap after
{Heap after GC invocations=22 (full 0):
 garbage-first heap   total 245760K, used 96322K [0x0000000701e00000, 0x0000000800000000)
  region size 2048K, 5 young (10240K), 5 survivors (10240K)
 Metaspace       used 29499K, committed 29760K, reserved 1114112K
  class space    used 3275K, committed 3392K, reserved 1048576K
}
Event: 42.904 GC heap before
{Heap before GC invocations=22 (full 0):
 garbage-first heap   total 245760K, used 190530K [0x0000000701e00000, 0x0000000800000000)
  region size 2048K, 51 young (104448K), 5 survivors (10240K)
 Metaspace       used 29814K, committed 30080K, reserved 1114112K
  class space    used 3309K, committed 3456K, reserved 1048576K
}
Event: 42.924 GC heap after
{Heap after GC invocations=23 (full 0):
 garbage-first heap   total 245760K, used 98231K [0x0000000701e00000, 0x0000000800000000)
  region size 2048K, 3 young (6144K), 3 survivors (6144K)
 Metaspace       used 29814K, committed 30080K, reserved 1114112K
  class space    used 3309K, committed 3456K, reserved 1048576K
}
Event: 46.413 GC heap before
{Heap before GC invocations=23 (full 0):
 garbage-first heap   total 245760K, used 196535K [0x0000000701e00000, 0x0000000800000000)
  region size 2048K, 51 young (104448K), 3 survivors (6144K)
 Metaspace       used 29909K, committed 30208K, reserved 1114112K
  class space    used 3312K, committed 3456K, reserved 1048576K
}
Event: 46.427 GC heap after
{Heap after GC invocations=24 (full 0):
 garbage-first heap   total 245760K, used 102451K [0x0000000701e00000, 0x0000000800000000)
  region size 2048K, 5 young (10240K), 5 survivors (10240K)
 Metaspace       used 29909K, committed 30208K, reserved 1114112K
  class space    used 3312K, committed 3456K, reserved 1048576K
}
Event: 47.658 GC heap before
{Heap before GC invocations=24 (full 0):
 garbage-first heap   total 245760K, used 198707K [0x0000000701e00000, 0x0000000800000000)
  region size 2048K, 52 young (106496K), 5 survivors (10240K)
 Metaspace       used 29915K, committed 30208K, reserved 1114112K
  class space    used 3312K, committed 3456K, reserved 1048576K
}
Event: 47.669 GC heap after
{Heap after GC invocations=25 (full 0):
 garbage-first heap   total 245760K, used 104571K [0x0000000701e00000, 0x0000000800000000)
  region size 2048K, 5 young (10240K), 5 survivors (10240K)
 Metaspace       used 29915K, committed 30208K, reserved 1114112K
  class space    used 3312K, committed 3456K, reserved 1048576K
}
Event: 48.993 GC heap before
{Heap before GC invocations=25 (full 0):
 garbage-first heap   total 245760K, used 200827K [0x0000000701e00000, 0x0000000800000000)
  region size 2048K, 52 young (106496K), 5 survivors (10240K)
 Metaspace       used 30092K, committed 30400K, reserved 1114112K
  class space    used 3336K, committed 3456K, reserved 1048576K
}
Event: 49.012 GC heap after
{Heap after GC invocations=26 (full 0):
 garbage-first heap   total 245760K, used 109114K [0x0000000701e00000, 0x0000000800000000)
  region size 2048K, 6 young (12288K), 6 survivors (12288K)
 Metaspace       used 30092K, committed 30400K, reserved 1114112K
  class space    used 3336K, committed 3456K, reserved 1048576K
}
Event: 50.425 GC heap before
{Heap before GC invocations=26 (full 0):
 garbage-first heap   total 245760K, used 203322K [0x0000000701e00000, 0x0000000800000000)
  region size 2048K, 52 young (106496K), 6 survivors (12288K)
 Metaspace       used 30160K, committed 30464K, reserved 1114112K
  class space    used 3337K, committed 3456K, reserved 1048576K
}
Event: 50.455 GC heap after
{Heap after GC invocations=27 (full 0):
 garbage-first heap   total 245760K, used 113905K [0x0000000701e00000, 0x0000000800000000)
  region size 2048K, 6 young (12288K), 6 survivors (12288K)
 Metaspace       used 30160K, committed 30464K, reserved 1114112K
  class space    used 3337K, committed 3456K, reserved 1048576K
}
Event: 51.470 GC heap before
{Heap before GC invocations=27 (full 0):
 garbage-first heap   total 245760K, used 208113K [0x0000000701e00000, 0x0000000800000000)
  region size 2048K, 51 young (104448K), 6 survivors (12288K)
 Metaspace       used 30180K, committed 30464K, reserved 1114112K
  class space    used 3338K, committed 3456K, reserved 1048576K
}
Event: 51.509 GC heap after
{Heap after GC invocations=28 (full 0):
 garbage-first heap   total 294912K, used 119597K [0x0000000701e00000, 0x0000000800000000)
  region size 2048K, 5 young (10240K), 5 survivors (10240K)
 Metaspace       used 30180K, committed 30464K, reserved 1114112K
  class space    used 3338K, committed 3456K, reserved 1048576K
}
Event: 52.824 GC heap before
{Heap before GC invocations=28 (full 0):
 garbage-first heap   total 294912K, used 244525K [0x0000000701e00000, 0x0000000800000000)
  region size 2048K, 66 young (135168K), 5 survivors (10240K)
 Metaspace       used 30203K, committed 30528K, reserved 1114112K
  class space    used 3338K, committed 3456K, reserved 1048576K
}
Event: 52.857 GC heap after
{Heap after GC invocations=29 (full 0):
 garbage-first heap   total 294912K, used 124558K [0x0000000701e00000, 0x0000000800000000)
  region size 2048K, 8 young (16384K), 8 survivors (16384K)
 Metaspace       used 30203K, committed 30528K, reserved 1114112K
  class space    used 3338K, committed 3456K, reserved 1048576K
}
Event: 54.027 GC heap before
{Heap before GC invocations=29 (full 0):
 garbage-first heap   total 294912K, used 243342K [0x0000000701e00000, 0x0000000800000000)
  region size 2048K, 66 young (135168K), 8 survivors (16384K)
 Metaspace       used 30212K, committed 30528K, reserved 1114112K
  class space    used 3338K, committed 3456K, reserved 1048576K
}

