# JRE version: Java(TM) SE Runtime Environment (17.0.12+8) (build 17.0.12+8-LTS-286)
# Java VM: Java HotSpot(TM) 64-Bit Server VM (17.0.12+8-LTS-286, mixed mode, sharing, tiered, compressed oops, compressed class ptrs, g1 gc, windows-amd64)
GC Precious Log:
 CPUs: 8 total, 8 available
 Memory: 16259M
 Large Page Support: Disabled
 NUMA Support: Disabled
 Compressed Oops: Enabled (Zero based)
 Heap Region Size: 2M
 Heap Min Capacity: 8M
 Heap Initial Capacity: 256M
 Heap Max Capacity: 4066M
 Pre-touch: Disabled
 Parallel Workers: 8
 Concurrent Workers: 2
 Concurrent Refinement Workers: 8
 Periodic GC: Disabled
Heap:
 garbage-first heap   total 161792K, used 100743K [0x0000000701e00000, 0x0000000800000000)
  region size 2048K, 38 young (77824K), 4 survivors (8192K)
 Metaspace       used 59358K, committed 59840K, reserved 1114112K
  class space    used 7428K, committed 7680K, reserved 1048576K
GC Heap History (20 events):
Event: 7.353 GC heap before
{Heap before GC invocations=6 (full 0):
 garbage-first heap   total 61440K, used 37983K [0x0000000701e00000, 0x0000000800000000)
  region size 2048K, 13 young (26624K), 2 survivors (4096K)
 Metaspace       used 29486K, committed 29760K, reserved 1114112K
  class space    used 3562K, committed 3712K, reserved 1048576K
}
Event: 7.362 GC heap after
{Heap after GC invocations=7 (full 0):
 garbage-first heap   total 61440K, used 20047K [0x0000000701e00000, 0x0000000800000000)
  region size 2048K, 2 young (4096K), 2 survivors (4096K)
 Metaspace       used 29486K, committed 29760K, reserved 1114112K
  class space    used 3562K, committed 3712K, reserved 1048576K
}
Event: 8.473 GC heap before
{Heap before GC invocations=7 (full 0):
 garbage-first heap   total 61440K, used 42575K [0x0000000701e00000, 0x0000000800000000)
  region size 2048K, 13 young (26624K), 2 survivors (4096K)
 Metaspace       used 31560K, committed 31872K, reserved 1114112K
  class space    used 3826K, committed 3968K, reserved 1048576K
}
Event: 8.479 GC heap after
{Heap after GC invocations=8 (full 0):
 garbage-first heap   total 61440K, used 20954K [0x0000000701e00000, 0x0000000800000000)
  region size 2048K, 2 young (4096K), 2 survivors (4096K)
 Metaspace       used 31560K, committed 31872K, reserved 1114112K
  class space    used 3826K, committed 3968K, reserved 1048576K
}
Event: 9.532 GC heap before
{Heap before GC invocations=8 (full 0):
 garbage-first heap   total 61440K, used 43482K [0x0000000701e00000, 0x0000000800000000)
  region size 2048K, 13 young (26624K), 2 survivors (4096K)
 Metaspace       used 33771K, committed 34048K, reserved 1114112K
  class space    used 4076K, committed 4224K, reserved 1048576K
}
Event: 9.536 GC heap after
{Heap after GC invocations=9 (full 0):
 garbage-first heap   total 61440K, used 22255K [0x0000000701e00000, 0x0000000800000000)
  region size 2048K, 2 young (4096K), 2 survivors (4096K)
 Metaspace       used 33771K, committed 34048K, reserved 1114112K
  class space    used 4076K, committed 4224K, reserved 1048576K
}
Event: 10.619 GC heap before
{Heap before GC invocations=9 (full 0):
 garbage-first heap   total 61440K, used 44783K [0x0000000701e00000, 0x0000000800000000)
  region size 2048K, 13 young (26624K), 2 survivors (4096K)
 Metaspace       used 35848K, committed 36288K, reserved 1114112K
  class space    used 4367K, committed 4608K, reserved 1048576K
}
Event: 10.627 GC heap after
{Heap after GC invocations=10 (full 0):
 garbage-first heap   total 61440K, used 23949K [0x0000000701e00000, 0x0000000800000000)
  region size 2048K, 2 young (4096K), 2 survivors (4096K)
 Metaspace       used 35848K, committed 36288K, reserved 1114112K
  class space    used 4367K, committed 4608K, reserved 1048576K
}
Event: 10.709 GC heap before
{Heap before GC invocations=10 (full 0):
 garbage-first heap   total 61440K, used 25997K [0x0000000701e00000, 0x0000000800000000)
  region size 2048K, 4 young (8192K), 2 survivors (4096K)
 Metaspace       used 35999K, committed 36416K, reserved 1114112K
  class space    used 4388K, committed 4608K, reserved 1048576K
}
Event: 10.714 GC heap after
{Heap after GC invocations=11 (full 0):
 garbage-first heap   total 61440K, used 24482K [0x0000000701e00000, 0x0000000800000000)
  region size 2048K, 2 young (4096K), 2 survivors (4096K)
 Metaspace       used 35999K, committed 36416K, reserved 1114112K
  class space    used 4388K, committed 4608K, reserved 1048576K
}
Event: 11.765 GC heap before
{Heap before GC invocations=12 (full 0):
 garbage-first heap   total 61440K, used 42914K [0x0000000701e00000, 0x0000000800000000)
  region size 2048K, 11 young (22528K), 2 survivors (4096K)
 Metaspace       used 38462K, committed 38912K, reserved 1114112K
  class space    used 4777K, committed 4992K, reserved 1048576K
}
Event: 11.770 GC heap after
{Heap after GC invocations=13 (full 0):
 garbage-first heap   total 61440K, used 26303K [0x0000000701e00000, 0x0000000800000000)
  region size 2048K, 2 young (4096K), 2 survivors (4096K)
 Metaspace       used 38462K, committed 38912K, reserved 1114112K
  class space    used 4777K, committed 4992K, reserved 1048576K
}
Event: 12.892 GC heap before
{Heap before GC invocations=13 (full 0):
 garbage-first heap   total 61440K, used 44735K [0x0000000701e00000, 0x0000000800000000)
  region size 2048K, 11 young (22528K), 2 survivors (4096K)
 Metaspace       used 41409K, committed 41856K, reserved 1114112K
  class space    used 5108K, committed 5312K, reserved 1048576K
}
Event: 12.900 GC heap after
{Heap after GC invocations=14 (full 0):
 garbage-first heap   total 61440K, used 27674K [0x0000000701e00000, 0x0000000800000000)
  region size 2048K, 1 young (2048K), 1 survivors (2048K)
 Metaspace       used 41409K, committed 41856K, reserved 1114112K
  class space    used 5108K, committed 5312K, reserved 1048576K
}
Event: 13.625 GC heap before
{Heap before GC invocations=14 (full 0):
 garbage-first heap   total 61440K, used 46106K [0x0000000701e00000, 0x0000000800000000)
  region size 2048K, 10 young (20480K), 1 survivors (2048K)
 Metaspace       used 43329K, committed 43776K, reserved 1114112K
  class space    used 5362K, committed 5568K, reserved 1048576K
}
Event: 13.631 GC heap after
{Heap after GC invocations=15 (full 0):
 garbage-first heap   total 61440K, used 28260K [0x0000000701e00000, 0x0000000800000000)
  region size 2048K, 2 young (4096K), 2 survivors (4096K)
 Metaspace       used 43329K, committed 43776K, reserved 1114112K
  class space    used 5362K, committed 5568K, reserved 1048576K
}
Event: 14.423 GC heap before
{Heap before GC invocations=16 (full 0):
 garbage-first heap   total 61440K, used 44644K [0x0000000701e00000, 0x0000000800000000)
  region size 2048K, 10 young (20480K), 2 survivors (4096K)
 Metaspace       used 46176K, committed 46592K, reserved 1114112K
  class space    used 5802K, committed 6016K, reserved 1048576K
}
Event: 14.429 GC heap after
{Heap after GC invocations=17 (full 0):
 garbage-first heap   total 161792K, used 28832K [0x0000000701e00000, 0x0000000800000000)
  region size 2048K, 2 young (4096K), 2 survivors (4096K)
 Metaspace       used 46176K, committed 46592K, reserved 1114112K
  class space    used 5802K, committed 6016K, reserved 1048576K
}
Event: 18.983 GC heap before
{Heap before GC invocations=17 (full 0):
 garbage-first heap   total 161792K, used 118944K [0x0000000701e00000, 0x0000000800000000)
  region size 2048K, 46 young (94208K), 2 survivors (4096K)
 Metaspace       used 59103K, committed 59584K, reserved 1114112K
  class space    used 7417K, committed 7680K, reserved 1048576K
}
Event: 19.001 GC heap after
{Heap after GC invocations=18 (full 0):
 garbage-first heap   total 161792K, used 33159K [0x0000000701e00000, 0x0000000800000000)
  region size 2048K, 4 young (8192K), 4 survivors (8192K)
 Metaspace       used 59103K, committed 59584K, reserved 1114112K
  class space    used 7417K, committed 7680K, reserved 1048576K
}

