# JRE version: Java(TM) SE Runtime Environment (17.0.12+8) (build 17.0.12+8-LTS-286)
# Java VM: Java HotSpot(TM) 64-Bit Server VM (17.0.12+8-LTS-286, mixed mode, emulated-client, sharing, tiered, compressed oops, compressed class ptrs, g1 gc, windows-amd64)
GC Precious Log:
 CPUs: 8 total, 8 available
 Memory: 16259M
 Large Page Support: Disabled
 NUMA Support: Disabled
 Compressed Oops: Enabled (Zero based)
 Heap Region Size: 2M
 Heap Min Capacity: 8M
 Heap Initial Capacity: 256M
 Heap Max Capacity: 4066M
 Pre-touch: Disabled
 Parallel Workers: 8
 Concurrent Workers: 2
 Concurrent Refinement Workers: 8
 Periodic GC: Disabled
Heap:
 garbage-first heap   total 196608K, used 151121K [0x0000000701e00000, 0x0000000800000000)
  region size 2048K, 25 young (51200K), 3 survivors (6144K)
 Metaspace       used 106740K, committed 107968K, reserved 1179648K
  class space    used 14567K, committed 15168K, reserved 1048576K
GC Heap History (20 events):
Event: 8483.951 GC heap before
{Heap before GC invocations=80 (full 1):
 garbage-first heap   total 196608K, used 160449K [0x0000000701e00000, 0x0000000800000000)
  region size 2048K, 37 young (75776K), 3 survivors (6144K)
 Metaspace       used 103692K, committed 104896K, reserved 1179648K
  class space    used 14256K, committed 14848K, reserved 1048576K
}
Event: 8483.957 GC heap after
{Heap after GC invocations=81 (full 1):
 garbage-first heap   total 196608K, used 92663K [0x0000000701e00000, 0x0000000800000000)
  region size 2048K, 3 young (6144K), 3 survivors (6144K)
 Metaspace       used 103692K, committed 104896K, reserved 1179648K
  class space    used 14256K, committed 14848K, reserved 1048576K
}
Event: 8484.628 GC heap before
{Heap before GC invocations=81 (full 1):
 garbage-first heap   total 196608K, used 158199K [0x0000000701e00000, 0x0000000800000000)
  region size 2048K, 35 young (71680K), 3 survivors (6144K)
 Metaspace       used 104677K, committed 105856K, reserved 1179648K
  class space    used 14323K, committed 14912K, reserved 1048576K
}
Event: 8484.635 GC heap after
{Heap after GC invocations=82 (full 1):
 garbage-first heap   total 196608K, used 96717K [0x0000000701e00000, 0x0000000800000000)
  region size 2048K, 5 young (10240K), 5 survivors (10240K)
 Metaspace       used 104677K, committed 105856K, reserved 1179648K
  class space    used 14323K, committed 14912K, reserved 1048576K
}
Event: 8527.334 GC heap before
{Heap before GC invocations=82 (full 1):
 garbage-first heap   total 196608K, used 154061K [0x0000000701e00000, 0x0000000800000000)
  region size 2048K, 34 young (69632K), 5 survivors (10240K)
 Metaspace       used 104736K, committed 105920K, reserved 1179648K
  class space    used 14331K, committed 14912K, reserved 1048576K
}
Event: 8527.340 GC heap after
{Heap after GC invocations=83 (full 1):
 garbage-first heap   total 196608K, used 97180K [0x0000000701e00000, 0x0000000800000000)
  region size 2048K, 3 young (6144K), 3 survivors (6144K)
 Metaspace       used 104736K, committed 105920K, reserved 1179648K
  class space    used 14331K, committed 14912K, reserved 1048576K
}
Event: 8581.789 GC heap before
{Heap before GC invocations=83 (full 1):
 garbage-first heap   total 196608K, used 158620K [0x0000000701e00000, 0x0000000800000000)
  region size 2048K, 33 young (67584K), 3 survivors (6144K)
 Metaspace       used 104736K, committed 105920K, reserved 1179648K
  class space    used 14331K, committed 14912K, reserved 1048576K
}
Event: 8581.793 GC heap after
{Heap after GC invocations=84 (full 1):
 garbage-first heap   total 196608K, used 96576K [0x0000000701e00000, 0x0000000800000000)
  region size 2048K, 3 young (6144K), 3 survivors (6144K)
 Metaspace       used 104736K, committed 105920K, reserved 1179648K
  class space    used 14331K, committed 14912K, reserved 1048576K
}
Event: 8594.426 GC heap before
{Heap before GC invocations=84 (full 1):
 garbage-first heap   total 196608K, used 160064K [0x0000000701e00000, 0x0000000800000000)
  region size 2048K, 34 young (69632K), 3 survivors (6144K)
 Metaspace       used 105531K, committed 106752K, reserved 1179648K
  class space    used 14447K, committed 15040K, reserved 1048576K
}
Event: 8594.435 GC heap after
{Heap after GC invocations=85 (full 1):
 garbage-first heap   total 196608K, used 101426K [0x0000000701e00000, 0x0000000800000000)
  region size 2048K, 5 young (10240K), 5 survivors (10240K)
 Metaspace       used 105531K, committed 106752K, reserved 1179648K
  class space    used 14447K, committed 15040K, reserved 1048576K
}
Event: 8595.241 GC heap before
{Heap before GC invocations=85 (full 1):
 garbage-first heap   total 196608K, used 156722K [0x0000000701e00000, 0x0000000800000000)
  region size 2048K, 32 young (65536K), 5 survivors (10240K)
 Metaspace       used 105934K, committed 107200K, reserved 1179648K
  class space    used 14481K, committed 15104K, reserved 1048576K
}
Event: 8595.249 GC heap after
{Heap after GC invocations=86 (full 1):
 garbage-first heap   total 196608K, used 104270K [0x0000000701e00000, 0x0000000800000000)
  region size 2048K, 2 young (4096K), 2 survivors (4096K)
 Metaspace       used 105934K, committed 107200K, reserved 1179648K
  class space    used 14481K, committed 15104K, reserved 1048576K
}
Event: 8596.176 GC heap before
{Heap before GC invocations=86 (full 1):
 garbage-first heap   total 196608K, used 157518K [0x0000000701e00000, 0x0000000800000000)
  region size 2048K, 28 young (57344K), 2 survivors (4096K)
 Metaspace       used 106177K, committed 107392K, reserved 1179648K
  class space    used 14499K, committed 15104K, reserved 1048576K
}
Event: 8596.180 GC heap after
{Heap after GC invocations=87 (full 1):
 garbage-first heap   total 196608K, used 105594K [0x0000000701e00000, 0x0000000800000000)
  region size 2048K, 3 young (6144K), 3 survivors (6144K)
 Metaspace       used 106177K, committed 107392K, reserved 1179648K
  class space    used 14499K, committed 15104K, reserved 1048576K
}
Event: 8596.937 GC heap before
{Heap before GC invocations=87 (full 1):
 garbage-first heap   total 196608K, used 158842K [0x0000000701e00000, 0x0000000800000000)
  region size 2048K, 29 young (59392K), 3 survivors (6144K)
 Metaspace       used 106183K, committed 107392K, reserved 1179648K
  class space    used 14501K, committed 15104K, reserved 1048576K
}
Event: 8596.941 GC heap after
{Heap after GC invocations=88 (full 1):
 garbage-first heap   total 196608K, used 106890K [0x0000000701e00000, 0x0000000800000000)
  region size 2048K, 2 young (4096K), 2 survivors (4096K)
 Metaspace       used 106183K, committed 107392K, reserved 1179648K
  class space    used 14501K, committed 15104K, reserved 1048576K
}
Event: 8597.454 GC heap before
{Heap before GC invocations=88 (full 1):
 garbage-first heap   total 196608K, used 160138K [0x0000000701e00000, 0x0000000800000000)
  region size 2048K, 28 young (57344K), 2 survivors (4096K)
 Metaspace       used 106263K, committed 107456K, reserved 1179648K
  class space    used 14512K, committed 15104K, reserved 1048576K
}
Event: 8597.457 GC heap after
{Heap after GC invocations=89 (full 1):
 garbage-first heap   total 196608K, used 107254K [0x0000000701e00000, 0x0000000800000000)
  region size 2048K, 2 young (4096K), 2 survivors (4096K)
 Metaspace       used 106263K, committed 107456K, reserved 1179648K
  class space    used 14512K, committed 15104K, reserved 1048576K
}
Event: 8598.159 GC heap before
{Heap before GC invocations=89 (full 1):
 garbage-first heap   total 196608K, used 162550K [0x0000000701e00000, 0x0000000800000000)
  region size 2048K, 29 young (59392K), 2 survivors (4096K)
 Metaspace       used 106637K, committed 107840K, reserved 1179648K
  class space    used 14556K, committed 15168K, reserved 1048576K
}
Event: 8598.162 GC heap after
{Heap after GC invocations=90 (full 1):
 garbage-first heap   total 196608K, used 108113K [0x0000000701e00000, 0x0000000800000000)
  region size 2048K, 3 young (6144K), 3 survivors (6144K)
 Metaspace       used 106637K, committed 107840K, reserved 1179648K
  class space    used 14556K, committed 15168K, reserved 1048576K
}

